***** 2025/03/03 23:33:30 *****
QE Version                                        :4.1.0.v20250123-0520
Project Path                                      :C:\Users\a8456\e2_studio\workspace_5.8\RA2E1_Project20
Configuration File                                :RA2E1_Project20
IDE                                               :e2 studio with Emulator
Emulator                                          :
MCU                                               :RA2E1 R7FA2E1A72DFL
<< METHOD 0 >>
[Button(self) 0]
TS                                                : TS04,
[Button(self) 1]
TS                                                : TS05,

<<<< Tuning Type : Normal >>>>
System Clock Frequency (MHz)                      :12.000
PCLKB Frequency (MHz)                             :6.000
CTSU Operating Frequency (MHz)                    :6.000
Operating Voltage (V)                             :3.300

---------- Phase1 ----------
<< METHOD 0 >>
[TS04]
Measurement Value                                 : 4408
Resistance Value (ohm)                            : 560
Parasitic Capacitance (pF)                        : 30.61111
Sensor Drive Pulse Frequency (MHz)                : 1.0

[TS05]
Measurement Value                                 : 4603
Resistance Value (ohm)                            : 560
Parasitic Capacitance (pF)                        : 31.965279
Sensor Drive Pulse Frequency (MHz)                : 1.0


---------- Phase2 ----------
<< METHOD 0 >>
[TS04]
Sensor Drive Pulse Frequency (MHz)                : 1.0
CTSUSNUM                                          : 15
CTSUSDPA                                          : 15
CTSUSO                                            : 194

[TS05]
Sensor Drive Pulse Frequency (MHz)                : 1.0
CTSUSNUM                                          : 15
CTSUSDPA                                          : 15
CTSUSO                                            : 208


---------- Phase3 ----------
<< METHOD 0 >>
[Button(self) 0]
  << TS04 >>
  Measurement Value (Off)                         : 11580
  Measurement Value (On)                          : 57549
  Threshold                                       : 27581
  Hysteresis                                      : 1379

[Button(self) 1]
  << TS05 >>
  Measurement Value (Off)                         : 11607
  Measurement Value (On)                          : 58019
  Threshold                                       : 27847
  Hysteresis                                      : 1392

