T5B44 000:000.399   SEGGER J-Link V7.98b Log File
T5B44 000:000.490   DLL Compiled: Jul 31 2024 16:10:46
T5B44 000:000.497   Logging started @ 2025-02-03 07:46
T5B44 000:000.502   Process: C:\Users\a8456\.eclipse\com.renesas.platform_1291987301\DebugComp\RA\e2-server-gdb.exe
T5B44 000:000.509 - 0.508ms
T5B44 000:000.520 JLINK_GetDLLVersion()
T5B44 000:000.526 - 0.006ms returns 79802
T5B44 000:001.679 JLINK_OpenEx(...)
T5B44 000:005.315   Firmware: J-Link V9 compiled May  7 2021 16:26:12
T5B44 000:005.797   Firmware: J-Link V9 compiled May  7 2021 16:26:12
T5B44 000:005.914   Decompressing FW timestamp took 92 us
T5B44 000:011.291   Hardware: V9.60
T5B44 000:011.319   S/N: 69660718
T5B44 000:011.327   OEM: SEGGER
T5B44 000:011.335   Feature(s): RDI, GDB, FlashDL, FlashBP, JFlash
T5B44 000:011.747   Bootloader: (Could not read)
T5B44 000:012.289   TELNET listener socket opened on port 19021
T5B44 000:012.404   WEBSRV WEBSRV_Init(): Starting webserver thread(s)
T5B44 000:012.572   WEBSRV Webserver running on local port 19080
T5B44 000:012.675   Looking for J-Link GUI Server exe at: C:\Users\a8456\.eclipse\com.renesas.platform_1291987301\DebugComp\RA\ARM\Segger_v7.98.2\JLinkGUIServer.exe
T5B44 000:012.750   Looking for J-Link GUI Server exe at: C:\Program Files\SEGGER\JLink_V796h\JLinkGUIServer.exe
T5B44 000:012.775   Forking J-Link GUI Server: C:\Program Files\SEGGER\JLink_V796h\JLinkGUIServer.exe
T5B44 000:032.065   J-Link GUI Server info: "J-Link GUI server V7.96h "
T5B44 000:034.366 - 32.680ms returns "O.K."
T5B44 000:034.466 JLINK_ExecCommand("ProjectFile=C:\Users\a8456\e2_studio\workspace_5.5\RA2E1_Project4/RA2E1_Project4 Debug_Flat.jlink", ...). 
T5B44 000:047.722 - 13.258ms returns 0x00
T5B44 000:047.993 JLINK_ExecCommand("device=R7FA2E1A7", ...). 
T5B44 000:048.679   Flash bank @ 0x01010010: SFL: Parsing sectorization info from ELF file
T5B44 000:048.692     FlashDevice.SectorInfo[0]: .SectorSize = 0x00000024, .SectorStartAddr = 0x00000000
T5B44 000:048.701   FlashBank @0x01010010: Sectorization info from SFL ELF file ignored because sectorization override from DLL / XML file is active.
T5B44 000:048.745   Device "R7FA2E1A7" selected.
T5B44 000:049.000 - 0.991ms returns 0x00
T5B44 000:049.023 JLINK_ExecCommand("SetCPUConnectIDCODE = FFFFFFFFFFFFFFFFFFFFFFFFFFFFFFFF", ...). 
T5B44 000:049.033 - 0.002ms returns 0x00
T5B44 000:049.040 JLINK_TIF_GetAvailable(...)
T5B44 000:049.158 - 0.117ms
T5B44 000:049.170 JLINK_TIF_Select(JLINKARM_TIF_SWD)
T5B44 000:049.528 - 0.358ms returns 0x00
T5B44 000:049.537 JLINK_SetSpeed(4000)
T5B44 000:049.629 - 0.093ms
T5B44 000:049.637 JLINK_SetEndian(ARM_ENDIAN_LITTLE)
T5B44 000:049.642 - 0.005ms returns 0
T5B44 000:049.649 JLINK_SetInitRegsOnReset(OFF)
T5B44 000:049.654 - 0.005ms returns 1
T5B44 000:049.661 JLINK_SetResetType(JLINKARM_RESET_TYPE_NO_RESET)
T5B44 000:049.668 - 0.006ms returns JLINKARM_RESET_TYPE_NORMAL
T5B44 000:049.675 JLINK_ExecCommand("EnableFlashBPs", ...). 
T5B44 000:049.682 - 0.000ms returns 0x00
T5B44 000:049.689 JLINK_ExecCommand("SetAllowFlashCache = 1", ...). 
T5B44 000:049.696 - 0.000ms returns 0x01
T5B44 000:049.703 JLINK_ExecCommand("SetRestartOnClose = 0", ...). 
T5B44 000:049.710 - 0.000ms returns 0x01
T5B44 000:049.717 JLINK_EnableSoftBPs(ON)
T5B44 000:049.723 - 0.006ms
T5B44 000:049.730 JLINK_Connect()
T5B44 000:049.900   InitTarget() start
T5B44 000:049.910    J-Link Script File: Executing InitTarget()
T5B44 000:049.920   Identifying target device...
T5B44 000:049.928   SWD selected. Executing JTAG -> SWD switching sequence...
T5B44 000:050.391   Initializing DAP...
T5B44 000:051.240   DAP initialized successfully.
T5B44 000:052.252   Low power mode detected. Waking device from low power mode.
T5B44 000:054.396   InitTarget() end - Took 4.48ms
T5B44 000:054.780   Found SW-DP with ID 0x5BA02477
T5B44 000:056.300   DPIDR: 0x5BA02477
T5B44 000:056.313   CoreSight SoC-400 or earlier
T5B44 000:056.321   Scanning AP map to find all available APs
T5B44 000:057.095   AP[2]: Stopped AP scan as end of AP map has been reached
T5B44 000:057.144   AP[0]: AHB-AP (IDR: 0x74770001)
T5B44 000:057.152   AP[1]: APB-AP (IDR: 0x44770002)
T5B44 000:057.161   Iterating through AP map to find AHB-AP to use
T5B44 000:057.854   AP[0]: Core found
T5B44 000:057.865   AP[0]: AHB-AP ROM base: 0x4001A000
T5B44 000:058.151   CPUID register: 0x411CD200. Implementer code: 0x41 (ARM)
T5B44 000:058.160   Feature set: Baseline
T5B44 000:058.480   Cache: No cache
T5B44 000:058.488   Found Cortex-M23 r1p0, Little endian.
T5B44 000:058.715   -- Max. mem block: 0x00010C40
T5B44 000:059.164   
  ***** Warning: 
T5B44 000:059.196   Cortex-M (ARMv8-M and later): The connected J-Link (S/N 69660718) uses an old firmware module that does not handle I/D-cache correctly. Proper debugging functionality cannot be guaranteed if cache is enabled
T5B44 000:059.225   CPU_ReadMem(4 bytes @ 0xE000EDF0)
T5B44 000:059.467   CPU_ReadMem(4 bytes @ 0xE0002000)
T5B44 000:059.683   FPUnit: 4 code (BP) slots and 0 literal slots
T5B44 000:059.694   CPU_ReadMem(4 bytes @ 0xE000EDFC)
T5B44 000:059.912   CPU_ReadMem(4 bytes @ 0xE0001000)
T5B44 000:060.170   CPU_ReadMem(4 bytes @ 0xE0001000)
T5B44 000:060.435   CPU_ReadMem(4 bytes @ 0xE0001028)
T5B44 000:060.669   CPU_ReadMem(4 bytes @ 0xE0001038)
T5B44 000:060.885   CPU_WriteMem(4 bytes @ 0xE0001000)
T5B44 000:061.180   CPU_ReadMem(4 bytes @ 0xE000ED88)
T5B44 000:061.370   CPU_WriteMem(4 bytes @ 0xE000ED88)
T5B44 000:061.585   CPU_ReadMem(4 bytes @ 0xE000ED88)
T5B44 000:061.781   CPU_WriteMem(4 bytes @ 0xE000ED88)
T5B44 000:062.004   CPU_ReadMem(4 bytes @ 0xE000EFB8)
T5B44 000:062.210   Security extension: not implemented
T5B44 000:062.223   CoreSight components:
T5B44 000:062.231   ROMTbl[0] @ 4001A000
T5B44 000:062.240   CPU_ReadMem(64 bytes @ 0x4001A000)
T5B44 000:062.730   CPU_ReadMem(32 bytes @ 0xE000EFE0)
T5B44 000:063.073   CPU_ReadMem(4 bytes @ 0xE000EFBC)
T5B44 000:063.265   CPU_ReadMem(4 bytes @ 0xE000EFCC)
T5B44 000:063.452   [0][0]: E000E000 CID B105900D PID 000BBD20 DEVARCH 47702A04 DEVTYPE 00 Cortex-M23
T5B44 000:063.461   CPU_ReadMem(32 bytes @ 0xE0001FE0)
T5B44 000:063.795   CPU_ReadMem(4 bytes @ 0xE0001FBC)
T5B44 000:064.005   CPU_ReadMem(4 bytes @ 0xE0001FCC)
T5B44 000:064.207   [0][1]: E0001000 CID B105900D PID 000BBD20 DEVARCH 47701A02 DEVTYPE 00 DWT
T5B44 000:064.217   CPU_ReadMem(32 bytes @ 0xE0002FE0)
T5B44 000:064.554   CPU_ReadMem(4 bytes @ 0xE0002FBC)
T5B44 000:064.743   CPU_ReadMem(4 bytes @ 0xE0002FCC)
T5B44 000:065.052   [0][2]: E0002000 CID B105900D PID 000BBD20 DEVARCH 47701A03 DEVTYPE 00 FPB
T5B44 000:065.063   CPU_ReadMem(32 bytes @ 0x40019FE0)
T5B44 000:065.402   CPU_ReadMem(4 bytes @ 0x40019FBC)
T5B44 000:065.598   CPU_ReadMem(4 bytes @ 0x40019FCC)
T5B44 000:065.792   [0][3]: 40019000 CID B105900D PID 000BBD20 DEVARCH 47710A31 DEVTYPE 31 MTB
T5B44 000:065.821 - 16.090ms returns 0x00
T5B44 000:065.863 JLINK_Halt()
T5B44 000:067.848 - 1.984ms returns 0x00
T5B44 000:067.857 JLINK_IsHalted()
T5B44 000:067.865 - 0.007ms returns TRUE
T5B44 000:067.872 JLINK_ResetPullsRESET(ON)
T5B44 000:067.877 - 0.005ms
T5B44 000:067.884 JLINK_Reset()
T5B44 000:067.898   CPU_WriteMem(4 bytes @ 0xE000EDF0)
T5B44 000:068.180   CPU_ReadMem(4 bytes @ 0xE000ED44)
T5B44 000:068.370   CPU_WriteMem(4 bytes @ 0xE000EDFC)
T5B44 000:068.587   Reset: Halt core after reset via DEMCR.VC_CORERESET.
T5B44 000:068.805   Reset: Reset device via AIRCR.SYSRESETREQ.
T5B44 000:068.815   CPU_WriteMem(4 bytes @ 0xE000ED0C)
T5B44 000:122.753   CPU_ReadMem(4 bytes @ 0xE000EDF0)
T5B44 000:123.052   CPU_ReadMem(4 bytes @ 0xE000EDF0)
T5B44 000:123.295   CPU_WriteMem(4 bytes @ 0xE000EDFC)
T5B44 000:129.528   CPU_ReadMem(4 bytes @ 0xE000EDF0)
T5B44 000:132.203   CPU_WriteMem(4 bytes @ 0xE0002000)
T5B44 000:132.432   CPU_ReadMem(4 bytes @ 0xE000EDFC)
T5B44 000:132.634   CPU_ReadMem(4 bytes @ 0xE0001000)
T5B44 000:132.860   CPU_WriteMem(4 bytes @ 0xE0001000)
T5B44 000:133.142   CPU_ReadMem(4 bytes @ 0xE000EE08)
T5B44 000:133.407 - 65.522ms
T5B44 000:133.529 JLINK_IsHalted()
T5B44 000:133.539 - 0.009ms returns TRUE
T5B44 000:133.746 JLINK_MeasureCPUSpeed(RAMAddr = 0xFFFFFFFF)
T5B44 000:133.756   CPU_ReadMem(16 bytes @ 0x20004000)
T5B44 000:134.078   CPU_ReadMem(64 bytes @ 0x20004000)
T5B44 000:134.631    -- Updating C cache (64 bytes @ 0x20004000)
T5B44 000:134.645    -- Read from C cache (6 bytes @ 0x20004000)
T5B44 000:134.655   CPU_ReadMem(4 bytes @ 0x40019004)
T5B44 000:134.862   CPU_ReadMem(4 bytes @ 0xE000ED90)
T5B44 000:135.089   CPU_ReadMem(4 bytes @ 0xE000ED94)
T5B44 000:135.325   CPU_WriteMem(16 bytes @ 0x20004000)
T5B44 000:135.644   CPU_WriteMem(6 bytes @ 0x20004000)
T5B44 000:136.006   CPU_ReadMem(64 bytes @ 0x20004000)
T5B44 000:136.564    -- Updating C cache (64 bytes @ 0x20004000)
T5B44 000:136.599    -- Read from C cache (6 bytes @ 0x20004000)
T5B44 000:136.618   CPU_ReadMem(4 bytes @ 0xE000EE08)
T5B44 000:136.841   CPU_WriteMem(4 bytes @ 0xE0002008)
T5B44 000:136.864   CPU_WriteMem(4 bytes @ 0xE000200C)
T5B44 000:136.872   CPU_WriteMem(4 bytes @ 0xE0002010)
T5B44 000:136.880   CPU_WriteMem(4 bytes @ 0xE0002014)
T5B44 000:142.563   CPU_WriteMem(4 bytes @ 0xE0002008)
T5B44 000:142.814   CPU_WriteMem(4 bytes @ 0xE000200C)
T5B44 000:143.060   CPU_WriteMem(4 bytes @ 0xE0002010)
T5B44 000:143.601   CPU_WriteMem(4 bytes @ 0xE0002014)
T5B44 000:144.021   CPU_ReadMem(4 bytes @ 0xE000EE08)
T5B44 000:144.321   CPU_ReadMem(4 bytes @ 0xE000EE08)
T5B44 000:144.579   CPU_ReadMem(4 bytes @ 0xE000EE08)
T5B44 000:169.653   CPU_WriteMem(6 bytes @ 0x20004000)
T5B44 000:170.042   ClockFreq: 499200 Hz
T5B44 000:170.096 - 36.349ms returns 499200
T5B44 000:170.152 JLINK_ReadReg(XPSR)
T5B44 000:170.175   CPU_ReadMem(4 bytes @ 0xE000EE08)
T5B44 000:170.423 - 0.270ms returns 0x21000000
T5D5C 002:249.596 JLINK_ReadReg(XPSR)
T5D5C 002:249.938   CPU_ReadMem(4 bytes @ 0xE000EE08)
T5D5C 002:250.238 - 0.642ms returns 0x21000000
T5D5C 002:274.507 JLINK_ReadReg(XPSR)
T5D5C 002:274.542 - 0.033ms returns 0x21000000
T5D5C 002:290.178 JLINK_ReadReg(XPSR)
T5D5C 002:290.230 - 0.052ms returns 0x21000000
T5D5C 002:401.049 JLINK_SetEndian(ARM_ENDIAN_LITTLE)
T5D5C 002:401.074 - 0.025ms returns 0
T5D5C 002:401.176 JLINK_BeginDownload(Flags = 0x00000000)
T5D5C 002:401.185 - 0.009ms
T5D5C 002:417.385 JLINK_WriteMem(0x00000000, 0xBD0 Bytes, ...)
T5D5C 002:417.405   Data:  88 44 00 20 89 0A 00 00 6D 09 00 00 85 0A 00 00 ...
T5D5C 002:417.631   completely In flash
T5D5C 002:417.645 - 0.260ms returns 0xBD0
T5D5C 002:417.796 JLINK_WriteMem(0x00000BD0, 0x158 Bytes, ...)
T5D5C 002:417.813   Data:  00 A5 FF FF 00 FC FF FF F0 B5 4F F6 FF 75 04 00 ...
T5D5C 002:417.827   completely In flash
T5D5C 002:417.837 - 0.041ms returns 0x158
T5D5C 002:417.946 JLINK_WriteMem(0x00000D28, 0x8 Bytes, ...)
T5D5C 002:417.958   Data:  BD 04 00 00 8D 04 00 00
T5D5C 002:417.968   completely In flash
T5D5C 002:417.976 - 0.029ms returns 0x8
T5D5C 002:418.062 JLINK_WriteMem(0x01010018, 0x1C Bytes, ...)
T5D5C 002:418.079   Data:  FF FF FF FF FF FF FF FF FF FF FF FF FF FF FF FF ...
T5D5C 002:418.312   completely In flash
T5D5C 002:418.322 - 0.260ms returns 0x1C
T5D5C 002:432.237 JLINK_EndDownload()
T5D5C 002:432.423   CPU_ReadMem(4 bytes @ 0x40019004)
T5D5C 002:432.658   CPU_ReadMem(4 bytes @ 0xE000ED90)
T5D5C 002:432.876   CPU_ReadMem(4 bytes @ 0xE000ED94)
T5D5C 002:433.201    -- --------------------------------------
T5D5C 002:433.242    -- Start of determining flash info (Bank @ 0x01010010)
T5D5C 002:433.262    -- End of determining flash info
T5D5C 002:433.277    -- Start of determining dirty areas in flash cache
T5D5C 002:433.294    -- Filling invalid ranges in sector buffer (flash cache) for sector @ 0x01010010 if necessary
T5D5C 002:433.312    -- End of determining dirty areas
T5D5C 002:433.327    -- Start of preparing flash programming
T5D5C 002:433.344    -- Preparing RAMCode
T5D5C 002:433.359    -- Calculating RAM usage
T5D5C 002:433.374    -- RAM usage = 4560 Bytes
T5D5C 002:433.389    -- Preserving CPU registers
T5D5C 002:433.430    -- Preparing memory
T5D5C 002:433.446    -- Determining CPU clock frequency
T5D5C 002:465.422    -- CPU frequency = 499 kHz
T5D5C 002:465.446    -- Preparing target
T5D5C 002:465.454    -- Preserving target RAM temporarily used for programming
T5D5C 002:489.045    -- Downloading RAMCode
T5D5C 002:517.640    -- Initializing RAMCode (InitType: 3 = Verify)
T5D5C 002:517.665    -- Executing Init(3)
T5D5C 002:525.615    -- End of preparing flash programming
T5D5C 002:530.992   
  ***** Warning: 
T5D5C 002:531.024   CPU is running at very low speed (499 kHz). Readback will be performed instead of CRC calculation.
T5D5C 002:531.032    -- CPU is running at 499 kHz.
T5D5C 002:531.042    -- Start of comparing flash
T5D5C 002:531.051    -- Flash algorithm supports a native verify function which is used to compare the flash content.
T5D5C 002:560.267    -- Comparing range 0x1010010 - 0x1010033 (1 Sector, 36 Bytes), using verify function of the RAMCode
T5D5C 002:563.148    -- Data matches for sector 0
T5D5C 002:563.182    -- End of comparing flash
T5D5C 002:563.193    -- Start of erasing sectors
T5D5C 002:563.201    -- End of erasing sectors
T5D5C 002:563.210    -- Start of flash programming
T5D5C 002:563.218    -- End of flash programming
T5D5C 002:563.226    -- Start of verifying flash
T5D5C 002:563.234    -- End of verifying flash
T5D5C 002:563.242    -- Start of restoring
T5D5C 002:563.252    -- Executing UnInit()
T5D5C 002:568.090    -- Restoring target memory
T5D5C 002:587.939    -- Restoring CPU registers
T5D5C 002:588.276    -- End of restoring
T5D5C 002:588.318    -- Bank 0 @ 0x01010010: Skipped. Contents already match
T5D5C 002:588.334    -- Bank 0 @ 0x01010010: Skipped. Contents already match
T5D5C 002:591.830    -- --------------------------------------
T5D5C 002:591.884    -- Flash bank @ 0x00000000: Default: L2 verify disabled because algorithm performs L1 verify
T5D5C 002:591.900    -- Start of determining dirty areas in flash cache
T5D5C 002:591.922    -- Filling invalid ranges in sector buffer (flash cache) for sector @ 0x00000000 if necessary
T5D5C 002:591.940    -- Filling invalid ranges in sector buffer (flash cache) for sector @ 0x00000800 if necessary
T5D5C 002:591.988    -- End of determining dirty areas
T5D5C 002:592.006    -- Start of preparing flash programming
T5D5C 002:592.022    -- Calculating RAM usage
T5D5C 002:592.120    -- RAM usage = 3284 Bytes
T5D5C 002:592.143    -- Preserving CPU registers
T5D5C 002:592.169    -- Determining CPU clock frequency
T5D5C 002:626.309    -- Preparing target
T5D5C 002:628.861    -- Preserving target RAM temporarily used for programming
T5D5C 002:643.652    -- Downloading RAMCode
T5D5C 002:659.075    -- Preparing RAMCode
T5D5C 002:665.793    -- CPU frequency = 8000 kHz
T5D5C 002:665.874    -- End of preparing flash programming
T5D5C 002:667.002   
  ***** Warning: 
T5D5C 002:667.021   CPU is running at low speed (8000 kHz).
T5D5C 002:667.030    -- CPU is running at 8000 kHz.
T5D5C 002:667.040    -- Start of comparing flash
T5D5C 002:667.048    -- CRC check was estimated as fastest method
T5D5C 002:678.453    -- Comparing range 0x0000 - 0x0FFF (2 Sectors, 4 KB), using multi-block CRC calculation
T5D5C 002:687.731    -- CRC does not match for sectors 0-1
T5D5C 002:687.768    -- End of comparing flash
T5D5C 002:687.780    -- Start of erasing sectors
T5D5C 002:687.790    -- Erasing range 0x00000000 - 0x00000FFF (  2 Sectors, 4 KB)
T5D5C 002:702.578    -- End of erasing sectors
T5D5C 002:702.605    -- Start of flash programming
T5D5C 002:702.616    -- Programming range 0x00000000 - 0x00000FFF (  2 Sectors, 4 KB)
T5D5C 002:736.679    -- End of flash programming
T5D5C 002:736.705    -- 0x0000 - 0x0FFF (  2 Sectors, 4 KB)
T5D5C 002:736.715    -- Start of restoring
T5D5C 002:736.724    -- Restoring RAMCode
T5D5C 002:753.791    -- Restoring target memory
T5D5C 002:766.018    -- Restore target
T5D5C 002:767.000    -- Restoring CPU registers
T5D5C 002:767.237    -- End of restoring
T5D5C 002:767.247    -- Bank 1 @ 0x00000000: 1 range affected (4096 bytes)
T5D5C 002:767.257    -- Total: 0.175s (Prepare: 0.075s, Compare: 0.020s, Erase: 0.014s, Program & Verify: 0.048s, Restore: 0.016s)
T5D5C 002:767.271    -- Program & Verify speed: 83 KB/s
T5D5C 002:770.005 - 337.767ms returns 4096 (0x1000)
T5D5C 002:770.204 JLINK_WriteReg(R15 (PC), 0x00000A88)
T5D5C 002:770.238 - 0.034ms returns 0
T5D5C 002:770.248 JLINK_WriteReg(XPSR, 0x01000000)
T5D5C 002:770.254 - 0.006ms returns 0
T5D5C 002:770.265 JLINK_ResetPullsRESET(ON)
T5D5C 002:770.271 - 0.005ms
T5D5C 002:770.277 JLINK_Halt()
T5D5C 002:770.499 - 0.221ms returns 0x00
T5D5C 002:770.506 JLINK_IsHalted()
T5D5C 002:770.513 - 0.006ms returns TRUE
T5D5C 002:770.519 JLINK_Reset()
T5D5C 002:770.526   CPU_ReadMem(4 bytes @ 0x20004000)
T5D5C 002:770.749   CPU_WriteMem(4 bytes @ 0x20004000)
T5D5C 002:771.000   CPU_WriteMem(4 bytes @ 0xE000EDF0)
T5D5C 002:771.228   CPU_ReadMem(4 bytes @ 0xE000ED44)
T5D5C 002:771.460   CPU_WriteMem(4 bytes @ 0xE000EDFC)
T5D5C 002:771.746   Reset: Halt core after reset via DEMCR.VC_CORERESET.
T5D5C 002:772.082   Reset: Reset device via AIRCR.SYSRESETREQ.
T5D5C 002:772.116   CPU_WriteMem(4 bytes @ 0xE000ED0C)
T5D5C 002:824.708   CPU_ReadMem(4 bytes @ 0xE000EDF0)
T5D5C 002:825.003   CPU_ReadMem(4 bytes @ 0xE000EDF0)
T5D5C 002:825.238   CPU_WriteMem(4 bytes @ 0xE000EDFC)
T5D5C 002:831.248   CPU_ReadMem(4 bytes @ 0xE000EDF0)
T5D5C 002:834.019   CPU_WriteMem(4 bytes @ 0xE0002000)
T5D5C 002:834.294   CPU_ReadMem(4 bytes @ 0xE000EDFC)
T5D5C 002:834.560   CPU_ReadMem(4 bytes @ 0xE0001000)
T5D5C 002:834.806   CPU_WriteMem(4 bytes @ 0xE0001000)
T5D5C 002:835.059   CPU_ReadMem(4 bytes @ 0xE000EE08)
T5D5C 002:835.296 - 64.776ms
T5D5C 002:835.330 JLINK_SetEndian(ARM_ENDIAN_LITTLE)
T5D5C 002:835.343 - 0.012ms returns 0
T5D5C 002:835.859 JLINK_ResetPullsRESET(ON)
T5D5C 002:835.884 - 0.025ms
T5D5C 002:835.898 JLINK_Halt()
T5D5C 002:835.910 - 0.012ms returns 0x00
T5D5C 002:835.923 JLINK_IsHalted()
T5D5C 002:835.936 - 0.012ms returns TRUE
T5D5C 002:835.948 JLINK_Reset()
T5D5C 002:835.967   CPU_WriteMem(4 bytes @ 0xE000EDF0)
T5D5C 002:836.269   CPU_ReadMem(4 bytes @ 0xE000ED44)
T5D5C 002:836.559   CPU_WriteMem(4 bytes @ 0xE000EDFC)
T5D5C 002:836.836   Reset: Halt core after reset via DEMCR.VC_CORERESET.
T5D5C 002:837.212   Reset: Reset device via AIRCR.SYSRESETREQ.
T5D5C 002:837.243   CPU_WriteMem(4 bytes @ 0xE000ED0C)
T5D5C 002:890.050   CPU_ReadMem(4 bytes @ 0xE000EDF0)
T5D5C 002:890.338   CPU_ReadMem(4 bytes @ 0xE000EDF0)
T5D5C 002:890.583   CPU_WriteMem(4 bytes @ 0xE000EDFC)
T5D5C 002:896.246   CPU_ReadMem(4 bytes @ 0xE000EDF0)
T5D5C 002:899.056   CPU_WriteMem(4 bytes @ 0xE0002000)
T5D5C 002:899.360   CPU_ReadMem(4 bytes @ 0xE000EDFC)
T5D5C 002:899.616   CPU_ReadMem(4 bytes @ 0xE0001000)
T5D5C 002:899.868   CPU_WriteMem(4 bytes @ 0xE0001000)
T5D5C 002:900.185   CPU_ReadMem(4 bytes @ 0xE000EE08)
T5D5C 002:900.432 - 64.483ms
T5D5C 002:900.451 JLINK_SetEndian(ARM_ENDIAN_LITTLE)
T5D5C 002:900.457 - 0.006ms returns 0
T5D5C 002:917.111 JLINK_ReadReg(XPSR)
T5D5C 002:917.148   CPU_ReadMem(4 bytes @ 0xE000EE08)
T5D5C 002:917.418 - 0.305ms returns 0x61000000
T5D5C 002:917.941 JLINK_ReadMem(0x00000A80, 0x40 Bytes, ...)
T5D5C 002:917.961    -- Read from flash cache (64 bytes @ 0x00000A80)
T5D5C 002:917.972   Data:  70 BD C0 46 00 BE 70 47 10 B5 00 F0 03 F8 FF F7 ...
T5D5C 002:917.983 - 0.042ms returns 0
T5D5C 002:919.572 JLINK_ReadReg(XPSR)
T5D5C 002:919.601 - 0.034ms returns 0x61000000
T5D5C 002:920.143 JLINK_ReadMem(0x00000A80, 0x40 Bytes, ...)
T5D5C 002:920.166    -- Read from flash cache (64 bytes @ 0x00000A80)
T5D5C 002:920.177   Data:  70 BD C0 46 00 BE 70 47 10 B5 00 F0 03 F8 FF F7 ...
T5D5C 002:920.187 - 0.045ms returns 0
T5D5C 002:922.201 JLINK_ReadMem(0x00000500, 0x40 Bytes, ...)
T5D5C 002:922.255    -- Read from flash cache (64 bytes @ 0x00000500)
T5D5C 002:922.265   Data:  E8 31 40 F2 F4 10 00 F0 03 FA 44 F2 3C 00 46 F2 ...
T5D5C 002:922.274 - 0.074ms returns 0
T5D5C 002:922.478 JLINK_ReadMem(0x000004C0, 0x40 Bytes, ...)
T5D5C 002:922.506    -- Read from flash cache (64 bytes @ 0x000004C0)
T5D5C 002:922.533   Data:  C0 F2 00 03 10 B5 4B B1 44 F2 24 01 40 F6 24 50 ...
T5D5C 002:922.548 - 0.070ms returns 0
T5D5C 002:922.955 JLINK_GetNumBPUnits(Type = 0xFFFFFF00)
T5D5C 002:922.970 - 0.014ms returns 0x04
T5D5C 002:922.977 JLINK_GetNumWPUnits()
T5D5C 002:922.982 - 0.005ms returns 2
T5D5C 002:922.989 JLINK_GetNumWPUnits()
T5D5C 002:922.994 - 0.005ms returns 2
T5D5C 002:923.003 JLINK_GetNumBPUnits(Type = 0xFFFFFF00)
T5D5C 002:923.008 - 0.005ms returns 0x04
T5D5C 002:923.015 JLINK_GetNumWPUnits()
T5D5C 002:923.020 - 0.005ms returns 2
T5D5C 002:923.026 JLINK_GetNumWPUnits()
T5D5C 002:923.032 - 0.005ms returns 2
T5D5C 002:923.040 JLINK_GetNumBPUnits(Type = 0xFFFFFF00)
T5D5C 002:923.045 - 0.005ms returns 0x04
T5D5C 002:923.052 JLINK_GetNumWPUnits()
T5D5C 002:923.057 - 0.005ms returns 2
T5D5C 002:923.063 JLINK_GetNumWPUnits()
T5D5C 002:923.068 - 0.005ms returns 2
T5D5C 002:923.108 JLINK_SetBPEx(Addr = 0x00000522, Type = 0xFFFFFF00)
T5D5C 002:923.119 - 0.011ms returns 0x00000001
T5D5C 002:924.911 JLINK_ReadMem(0x000004C0, 0x40 Bytes, ...)
T5D5C 002:924.966    -- Read from flash cache (64 bytes @ 0x000004C0)
T5D5C 002:924.986   Data:  C0 F2 00 03 10 B5 4B B1 44 F2 24 01 40 F6 24 50 ...
T5D5C 002:925.002 - 0.091ms returns 0
T5D5C 002:925.412 JLINK_ClrBPEx(BPHandle = 0x00000001)
T5D5C 002:925.451 - 0.040ms returns 0x00
T5D5C 002:925.471 JLINK_SetBPEx(Addr = 0x00000522, Type = 0xFFFFFF00)
T5D5C 002:925.485 - 0.015ms returns 0x00000002
T5D5C 002:925.499 JLINK_SetBPEx(Addr = 0x000004FE, Type = 0xFFFFFF00)
T5D5C 002:925.512 - 0.013ms returns 0x00000003
T5D5C 002:978.095 JLINK_ReadReg(XPSR)
T5D5C 002:978.153 - 0.058ms returns 0x61000000
T5D5C 002:996.722 JLINK_ClrBPEx(BPHandle = 0x00000002)
T5D5C 002:996.752 - 0.030ms returns 0x00
T5D5C 002:996.759 JLINK_ClrBPEx(BPHandle = 0x00000003)
T5D5C 002:996.765 - 0.005ms returns 0x00
T5D5C 002:996.774 JLINK_SetBPEx(Addr = 0x00000522, Type = 0xFFFFFF00)
T5D5C 002:996.782 - 0.008ms returns 0x00000004
T5D5C 002:996.789 JLINK_SetBPEx(Addr = 0x000004FE, Type = 0xFFFFFF00)
T5D5C 002:996.794 - 0.005ms returns 0x00000005
T5D5C 002:996.801 JLINK_SetBPEx(Addr = 0x00000560, Type = 0xFFFFFF00)
T5D5C 002:996.806 - 0.005ms returns 0x00000006
T5D5C 002:996.814 JLINK_ClrBPEx(BPHandle = 0x00000004)
T5D5C 002:996.820 - 0.005ms returns 0x00
T5D5C 002:996.826 JLINK_ClrBPEx(BPHandle = 0x00000005)
T5D5C 002:996.832 - 0.005ms returns 0x00
T5D5C 002:996.838 JLINK_ClrBPEx(BPHandle = 0x00000006)
T5D5C 002:996.843 - 0.005ms returns 0x00
T5D5C 002:996.850 JLINK_SetBPEx(Addr = 0x00000522, Type = 0xFFFFFF00)
T5D5C 002:996.856 - 0.005ms returns 0x00000007
T5D5C 002:996.862 JLINK_SetBPEx(Addr = 0x000004FE, Type = 0xFFFFFF00)
T5D5C 002:996.867 - 0.005ms returns 0x00000008
T5D5C 003:009.600 JLINK_ReadMem(0x00000540, 0x40 Bytes, ...)
T5D5C 003:009.628    -- Read from flash cache (64 bytes @ 0x00000540)
T5D5C 003:009.639   Data:  99 54 10 BD 02 28 FC D1 40 F6 C0 41 44 F2 3C 00 ...
T5D5C 003:009.650 - 0.049ms returns 0
T5D5C 003:010.203 JLINK_ClrBPEx(BPHandle = 0x00000007)
T5D5C 003:010.248 - 0.045ms returns 0x00
T5D5C 003:010.280 JLINK_ClrBPEx(BPHandle = 0x00000008)
T5D5C 003:010.296 - 0.016ms returns 0x00
T5D5C 003:010.316 JLINK_SetBPEx(Addr = 0x00000522, Type = 0xFFFFFF00)
T5D5C 003:010.331 - 0.015ms returns 0x00000009
T5D5C 003:010.344 JLINK_SetBPEx(Addr = 0x000004FE, Type = 0xFFFFFF00)
T5D5C 003:010.356 - 0.011ms returns 0x0000000A
T5D5C 003:010.368 JLINK_SetBPEx(Addr = 0x00000560, Type = 0xFFFFFF00)
T5D5C 003:010.380 - 0.012ms returns 0x0000000B
T5D5C 003:102.394 JLINK_ReadRegs(NumRegs = 22, Indexes: 0, 1, 2, 3, 4, 5, 6, 7, 8, 9, 10, 11, 12, 13, 14, 15, 16, 17, 18, 86, 87, 20)
T5D5C 003:102.465    -- R0=0x3FFF, R1=0x40044200, R2=0x00, R3=0xC00, R4=0x200047D4, R5=0x2000482C, R6=0x2000482C, R7=0x3057FA58, R8=0x14AEA13, R9=0x52AC8BBE, R10=0x296AB401, R11=0x5BEA0735, R12=0x20004758, R13 (SP)=0x20004488, R14=0x2000432F, R15 (PC)=0xA88, XPSR=0x61000000, MSP=0x20004488, PSP=0xE6630D0C, MSPLIM=0x00, PSPLIM=0x00, CFBP=0x00
T5D5C 003:102.496 - 0.102ms returns 0x00
T5D5C 003:102.891 JLINK_ReadReg(XPSR)
T5D5C 003:102.934 - 0.042ms returns 0x61000000
T5D5C 003:103.532 JLINK_ReadMem(0x00000A80, 0x40 Bytes, ...)
T5D5C 003:103.553    -- Read from flash cache (64 bytes @ 0x00000A80)
T5D5C 003:103.564   Data:  70 BD C0 46 00 BE 70 47 10 B5 00 F0 03 F8 FF F7 ...
T5D5C 003:103.575 - 0.043ms returns 0
T611C 003:123.068 JLINK_GetNumBPUnits(Type = 0xFFFFFF00)
T611C 003:123.096 - 0.027ms returns 0x04
T611C 003:123.103 JLINK_GetNumWPUnits()
T611C 003:123.109 - 0.005ms returns 2
T611C 003:123.115 JLINK_GetNumWPUnits()
T611C 003:123.121 - 0.005ms returns 2
T611C 003:123.266 JLINK_GetNumBPUnits(Type = 0xFFFFFF00)
T611C 003:123.297 - 0.031ms returns 0x04
T611C 003:123.311 JLINK_GetNumWPUnits()
T611C 003:123.322 - 0.010ms returns 2
T611C 003:123.338 JLINK_GetNumWPUnits()
T611C 003:123.344 - 0.005ms returns 2
T611C 003:123.480 JLINK_GetNumBPUnits(Type = 0xFFFFFF00)
T611C 003:123.489 - 0.008ms returns 0x04
T611C 003:123.495 JLINK_GetNumWPUnits()
T611C 003:123.501 - 0.006ms returns 2
T611C 003:123.507 JLINK_GetNumWPUnits()
T611C 003:123.513 - 0.005ms returns 2
T611C 003:123.730 JLINK_GetNumBPUnits(Type = 0xFFFFFF00)
T611C 003:123.745 - 0.015ms returns 0x04
T611C 003:123.758 JLINK_GetNumWPUnits()
T611C 003:123.789 - 0.029ms returns 2
T611C 003:123.805 JLINK_GetNumWPUnits()
T611C 003:123.817 - 0.011ms returns 2
T611C 003:124.110 JLINK_GetNumBPUnits(Type = 0xFFFFFF00)
T611C 003:124.130 - 0.020ms returns 0x04
T611C 003:124.142 JLINK_GetNumWPUnits()
T611C 003:124.152 - 0.010ms returns 2
T611C 003:124.164 JLINK_GetNumWPUnits()
T611C 003:124.174 - 0.010ms returns 2
T611C 003:124.312 JLINK_GetNumBPUnits(Type = 0xFFFFFF00)
T611C 003:124.329 - 0.017ms returns 0x04
T611C 003:124.341 JLINK_GetNumWPUnits()
T611C 003:124.351 - 0.010ms returns 2
T611C 003:124.362 JLINK_GetNumWPUnits()
T611C 003:124.371 - 0.009ms returns 2
T611C 003:124.524 JLINK_GetNumBPUnits(Type = 0xFFFFFF00)
T611C 003:124.551 - 0.027ms returns 0x04
T611C 003:124.577 JLINK_GetNumWPUnits()
T611C 003:124.584 - 0.006ms returns 2
T611C 003:124.590 JLINK_GetNumWPUnits()
T611C 003:124.596 - 0.005ms returns 2
T611C 003:124.704 JLINK_GetNumBPUnits(Type = 0xFFFFFF00)
T611C 003:124.712 - 0.008ms returns 0x04
T611C 003:124.718 JLINK_GetNumWPUnits()
T611C 003:124.724 - 0.005ms returns 2
T611C 003:124.730 JLINK_GetNumWPUnits()
T611C 003:124.735 - 0.005ms returns 2
T5D5C 003:266.891 JLINK_ReadReg(XPSR)
T5D5C 003:266.961 - 0.070ms returns 0x61000000
T5D5C 003:271.680 JLINK_ReadMem(0x00000A80, 0x40 Bytes, ...)
T5D5C 003:271.744    -- Read from flash cache (64 bytes @ 0x00000A80)
T5D5C 003:271.764   Data:  70 BD C0 46 00 BE 70 47 10 B5 00 F0 03 F8 FF F7 ...
T5D5C 003:271.781 - 0.101ms returns 0
T5D5C 003:289.162 JLINK_ReadReg(XPSR)
T5D5C 003:289.202 - 0.040ms returns 0x61000000
T5D5C 008:785.492 JLINK_STRACE_Read(..., NumItems = 0x10000)
T5D5C 008:785.670 - 0.178ms NumItemsRead = 0x00
T5D5C 008:785.682 JLINK_IsHalted()
T5D5C 008:785.930 - 0.247ms returns TRUE
T5D5C 008:785.965 JLINK_STRACE_Read(..., NumItems = 0x10000)
T5D5C 008:785.978 - 0.013ms NumItemsRead = 0x00
T5D5C 008:785.992 JLINK_GoEx(MaxEmulInsts = 0, Flags = 0x01)
T5D5C 008:786.017   CPU_WriteMem(4 bytes @ 0xE0002000)
T5D5C 008:786.268   CPU_WriteMem(4 bytes @ 0xE0002000)
T5D5C 008:786.548   CPU_WriteMem(4 bytes @ 0xE0002000)
T5D5C 008:786.790   CPU_ReadMem(4 bytes @ 0xE0001000)
T5D5C 008:787.026   CPU_WriteMem(4 bytes @ 0xE0001000)
T5D5C 008:787.260   CPU_WriteMem(4 bytes @ 0xE0002008)
T5D5C 008:787.277   CPU_WriteMem(4 bytes @ 0xE000200C)
T5D5C 008:787.285   CPU_WriteMem(4 bytes @ 0xE0002010)
T5D5C 008:787.293   CPU_WriteMem(4 bytes @ 0xE0002014)
T5D5C 008:788.024   CPU_WriteMem(4 bytes @ 0xE0001004)
T5D5C 008:788.644   Memory map 'after startup completion point' is active
T5D5C 008:788.662 - 2.669ms
T5D5C 008:885.896 JLINK_IsHalted()
T5D5C 008:888.028 - 2.131ms returns TRUE
T5D5C 008:888.050 JLINK_ReadReg(XPSR)
T5D5C 008:888.060   CPU_ReadMem(4 bytes @ 0xE000EE08)
T5D5C 008:888.287 - 0.237ms returns 0x61000000
T5D5C 008:888.298 JLINK_ReadReg(R15 (PC))
T5D5C 008:888.304 - 0.006ms returns 0x00000560
T5D5C 008:888.316 JLINK_ReadReg(XPSR)
T5D5C 008:888.322 - 0.006ms returns 0x61000000
T5D5C 008:888.328 JLINK_ReadReg(XPSR)
T5D5C 008:888.334 - 0.005ms returns 0x61000000
T5D5C 008:888.341 JLINK_ReadReg(R15 (PC))
T5D5C 008:888.346 - 0.006ms returns 0x00000560
T5D5C 008:888.353 JLINK_ReadReg(XPSR)
T5D5C 008:888.358 - 0.005ms returns 0x61000000
T5D5C 008:888.365 JLINK_ReadReg(XPSR)
T5D5C 008:888.371 - 0.005ms returns 0x61000000
T5D5C 008:888.381 JLINK_ReadMem(0x00000560, 0x1 Bytes, ...)
T5D5C 008:888.392    -- Read from flash cache (1 bytes @ 0x00000560)
T5D5C 008:888.400   Data:  10
T5D5C 008:888.409 - 0.028ms returns 0
T5D5C 008:888.415 JLINK_IsHalted()
T5D5C 008:888.421 - 0.005ms returns TRUE
T5D5C 008:888.427 JLINK_ReadReg(XPSR)
T5D5C 008:888.434 - 0.005ms returns 0x61000000
T5D5C 008:888.439 JLINK_ReadReg(XPSR)
T5D5C 008:888.446 - 0.005ms returns 0x61000000
T5D5C 008:888.451 JLINK_ReadReg(R15 (PC))
T5D5C 008:888.458 - 0.005ms returns 0x00000560
T5D5C 008:888.464 JLINK_ReadReg(XPSR)
T5D5C 008:888.470 - 0.005ms returns 0x61000000
T5D5C 008:888.476 JLINK_ReadReg(XPSR)
T5D5C 008:888.482 - 0.005ms returns 0x61000000
T5D5C 008:888.488 JLINK_ReadMem(0x00000560, 0x1 Bytes, ...)
T5D5C 008:888.494    -- Read from flash cache (1 bytes @ 0x00000560)
T5D5C 008:888.502   Data:  10
T5D5C 008:888.510 - 0.022ms returns 0
T5D5C 008:888.827 JLINK_ReadRegs(NumRegs = 22, Indexes: 0, 1, 2, 3, 4, 5, 6, 7, 8, 9, 10, 11, 12, 13, 14, 15, 16, 17, 18, 86, 87, 20)
T5D5C 008:888.852    -- R0=0x00, R1=0x40040D00, R2=0x00, R3=0x20, R4=0x200047D4, R5=0x2000482C, R6=0x2000482C, R7=0x3057FA58, R8=0x14AEA13, R9=0x52AC8BBE, R10=0x296AB401, R11=0x5BEA0735, R12=0xFF, R13 (SP)=0x20004480, R14=0xA93, R15 (PC)=0x560, XPSR=0x61000000, MSP=0x20004480, PSP=0xE6630D0C, MSPLIM=0x00, PSPLIM=0x00, CFBP=0x00
T5D5C 008:888.861 - 0.034ms returns 0x00
T5D5C 008:889.218 JLINK_ReadReg(XPSR)
T5D5C 008:889.257 - 0.039ms returns 0x61000000
T5D5C 008:889.773 JLINK_ReadMem(0x00000540, 0x40 Bytes, ...)
T5D5C 008:889.788    -- Read from flash cache (64 bytes @ 0x00000540)
T5D5C 008:889.797   Data:  99 54 10 BD 02 28 FC D1 40 F6 C0 41 44 F2 3C 00 ...
T5D5C 008:889.805 - 0.032ms returns 0
T5D5C 008:890.219 JLINK_ClrBPEx(BPHandle = 0x00000009)
T5D5C 008:890.234 - 0.015ms returns 0x00
T5D5C 008:890.243 JLINK_ClrBPEx(BPHandle = 0x0000000A)
T5D5C 008:890.250 - 0.005ms returns 0x00
T5D5C 008:890.256 JLINK_ClrBPEx(BPHandle = 0x0000000B)
T5D5C 008:890.262 - 0.005ms returns 0x00
T5D5C 008:890.271 JLINK_SetBPEx(Addr = 0x00000522, Type = 0xFFFFFF00)
T5D5C 008:890.278 - 0.007ms returns 0x0000000C
T5D5C 008:890.285 JLINK_SetBPEx(Addr = 0x000004FE, Type = 0xFFFFFF00)
T5D5C 008:890.290 - 0.006ms returns 0x0000000D
T5D5C 008:909.210 JLINK_ReadMem(0x00000540, 0x40 Bytes, ...)
T5D5C 008:909.236    -- Read from flash cache (64 bytes @ 0x00000540)
T5D5C 008:909.248   Data:  99 54 10 BD 02 28 FC D1 40 F6 C0 41 44 F2 3C 00 ...
T5D5C 008:909.258 - 0.049ms returns 0
T5D5C 008:940.314 JLINK_ReadReg(XPSR)
T5D5C 008:940.382 - 0.069ms returns 0x61000000
T5D5C 008:941.225 JLINK_ReadReg(XPSR)
T5D5C 008:941.259 - 0.033ms returns 0x61000000
T5D5C 009:644.982 JLINK_STRACE_Read(..., NumItems = 0x10000)
T5D5C 009:645.088 - 0.104ms NumItemsRead = 0x00
T5D5C 009:645.102 JLINK_IsHalted()
T5D5C 009:645.403 - 0.300ms returns TRUE
T5D5C 009:645.453 JLINK_STRACE_Read(..., NumItems = 0x10000)
T5D5C 009:645.466 - 0.013ms NumItemsRead = 0x00
T5D5C 009:645.483 JLINK_GoEx(MaxEmulInsts = 0, Flags = 0x01)
T5D5C 009:645.512   CPU_WriteMem(4 bytes @ 0xE0002000)
T5D5C 009:645.794   CPU_WriteMem(4 bytes @ 0xE0002000)
T5D5C 009:646.061   CPU_ReadMem(4 bytes @ 0xE0001000)
T5D5C 009:646.339   CPU_WriteMem(4 bytes @ 0xE0002010)
T5D5C 009:646.996 - 1.512ms
T5D5C 009:744.747 JLINK_IsHalted()
T5D5C 009:746.922 - 2.174ms returns TRUE
T5D5C 009:746.946 JLINK_ReadReg(XPSR)
T5D5C 009:746.957   CPU_ReadMem(4 bytes @ 0xE000EE08)
T5D5C 009:747.167 - 0.221ms returns 0x41000000
T5D5C 009:747.182 JLINK_ReadReg(R15 (PC))
T5D5C 009:747.190 - 0.007ms returns 0x000004FE
T5D5C 009:747.199 JLINK_ReadReg(XPSR)
T5D5C 009:747.205 - 0.005ms returns 0x41000000
T5D5C 009:747.211 JLINK_ReadReg(XPSR)
T5D5C 009:747.217 - 0.005ms returns 0x41000000
T5D5C 009:747.223 JLINK_ReadReg(R15 (PC))
T5D5C 009:747.229 - 0.005ms returns 0x000004FE
T5D5C 009:747.235 JLINK_ReadReg(XPSR)
T5D5C 009:747.242 - 0.006ms returns 0x41000000
T5D5C 009:747.248 JLINK_ReadReg(XPSR)
T5D5C 009:747.254 - 0.005ms returns 0x41000000
T5D5C 009:747.262 JLINK_ReadMem(0x000004FE, 0x1 Bytes, ...)
T5D5C 009:747.269    -- Read from flash cache (1 bytes @ 0x000004FE)
T5D5C 009:747.278   Data:  40
T5D5C 009:747.287 - 0.026ms returns 0
T5D5C 009:747.294 JLINK_IsHalted()
T5D5C 009:747.299 - 0.005ms returns TRUE
T5D5C 009:747.306 JLINK_ReadReg(XPSR)
T5D5C 009:747.312 - 0.005ms returns 0x41000000
T5D5C 009:747.318 JLINK_ReadReg(XPSR)
T5D5C 009:747.324 - 0.005ms returns 0x41000000
T5D5C 009:747.330 JLINK_ReadReg(R15 (PC))
T5D5C 009:747.336 - 0.005ms returns 0x000004FE
T5D5C 009:747.342 JLINK_ReadReg(XPSR)
T5D5C 009:747.348 - 0.005ms returns 0x41000000
T5D5C 009:747.354 JLINK_ReadReg(XPSR)
T5D5C 009:747.360 - 0.005ms returns 0x41000000
T5D5C 009:747.366 JLINK_ReadMem(0x000004FE, 0x1 Bytes, ...)
T5D5C 009:747.372    -- Read from flash cache (1 bytes @ 0x000004FE)
T5D5C 009:747.380   Data:  40
T5D5C 009:747.388 - 0.022ms returns 0
T5D5C 009:747.796 JLINK_ReadRegs(NumRegs = 22, Indexes: 0, 1, 2, 3, 4, 5, 6, 7, 8, 9, 10, 11, 12, 13, 14, 15, 16, 17, 18, 86, 87, 20)
T5D5C 009:747.829    -- R0=0x00, R1=0x40040120, R2=0x2000, R3=0x40002000, R4=0x200047D4, R5=0x2000482C, R6=0x2000482C, R7=0x3057FA58, R8=0x14AEA13, R9=0x52AC8BBE, R10=0x296AB401, R11=0x5BEA0735, R12=0x40040000, R13 (SP)=0x20004470, R14=0x4FF, R15 (PC)=0x4FE, XPSR=0x41000000, MSP=0x20004470, PSP=0xE6630D0C, MSPLIM=0x00, PSPLIM=0x00, CFBP=0x00
T5D5C 009:747.839 - 0.044ms returns 0x00
T5D5C 009:748.194 JLINK_ReadReg(XPSR)
T5D5C 009:748.213 - 0.019ms returns 0x41000000
T5D5C 009:748.604 JLINK_ReadMem(0x000004C0, 0x40 Bytes, ...)
T5D5C 009:748.635    -- Read from flash cache (64 bytes @ 0x000004C0)
T5D5C 009:748.653   Data:  C0 F2 00 03 10 B5 4B B1 44 F2 24 01 40 F6 24 50 ...
T5D5C 009:748.667 - 0.064ms returns 0
T5D5C 009:748.854 JLINK_ReadMem(0x00000500, 0x40 Bytes, ...)
T5D5C 009:748.879    -- Read from flash cache (64 bytes @ 0x00000500)
T5D5C 009:748.895   Data:  E8 31 40 F2 F4 10 00 F0 03 FA 44 F2 3C 00 46 F2 ...
T5D5C 009:748.910 - 0.056ms returns 0
T5D5C 009:767.268 JLINK_ReadMem(0x000004C0, 0x40 Bytes, ...)
T5D5C 009:767.314    -- Read from flash cache (64 bytes @ 0x000004C0)
T5D5C 009:767.326   Data:  C0 F2 00 03 10 B5 4B B1 44 F2 24 01 40 F6 24 50 ...
T5D5C 009:767.334 - 0.066ms returns 0
T5D5C 009:767.428 JLINK_ReadMem(0x00000500, 0x40 Bytes, ...)
T5D5C 009:767.437    -- Read from flash cache (64 bytes @ 0x00000500)
T5D5C 009:767.445   Data:  E8 31 40 F2 F4 10 00 F0 03 FA 44 F2 3C 00 46 F2 ...
T5D5C 009:767.454 - 0.025ms returns 0
T5D5C 009:780.041 JLINK_ReadMem(0x20004440, 0x40 Bytes, ...)
T5D5C 009:780.080   CPU_ReadMem(64 bytes @ 0x20004440)
T5D5C 009:780.608    -- Updating C cache (64 bytes @ 0x20004440)
T5D5C 009:780.628    -- Read from C cache (64 bytes @ 0x20004440)
T5D5C 009:780.638   Data:  04 40 00 20 01 00 00 00 00 00 00 00 7B 06 00 00 ...
T5D5C 009:780.646 - 0.606ms returns 0
T5D5C 009:780.955 JLINK_ReadMem(0x00000540, 0x40 Bytes, ...)
T5D5C 009:780.967    -- Read from flash cache (64 bytes @ 0x00000540)
T5D5C 009:780.976   Data:  99 54 10 BD 02 28 FC D1 40 F6 C0 41 44 F2 3C 00 ...
T5D5C 009:780.985 - 0.029ms returns 0
T5D5C 009:797.408 JLINK_ReadReg(XPSR)
T5D5C 009:797.449 - 0.040ms returns 0x41000000
T5D5C 009:798.002 JLINK_ReadReg(XPSR)
T5D5C 009:798.027 - 0.025ms returns 0x41000000
T611C 010:891.518 JLINK_IsHalted()
T611C 010:891.778 - 0.260ms returns TRUE
T611C 010:891.787 JLINK_ReadReg(XPSR)
T611C 010:891.800 - 0.012ms returns 0x41000000
T611C 010:891.806 JLINK_ReadReg(R15 (PC))
T611C 010:891.816 - 0.009ms returns 0x000004FE
T611C 010:891.825 JLINK_ReadReg(XPSR)
T611C 010:891.830 - 0.005ms returns 0x41000000
T611C 010:891.837 JLINK_ReadReg(XPSR)
T611C 010:891.843 - 0.005ms returns 0x41000000
T611C 010:891.850 JLINK_ReadReg(R15 (PC))
T611C 010:891.855 - 0.005ms returns 0x000004FE
T611C 010:891.862 JLINK_ReadReg(XPSR)
T611C 010:891.867 - 0.005ms returns 0x41000000
T611C 010:891.874 JLINK_ReadReg(XPSR)
T611C 010:891.879 - 0.005ms returns 0x41000000
T611C 010:891.886 JLINK_ReadMem(0x000004FE, 0x1 Bytes, ...)
T611C 010:891.894    -- Read from flash cache (1 bytes @ 0x000004FE)
T611C 010:891.903   Data:  40
T611C 010:891.912 - 0.025ms returns 0
T611C 010:891.918 JLINK_IsHalted()
T611C 010:891.925 - 0.005ms returns TRUE
T611C 010:891.931 JLINK_ReadReg(XPSR)
T611C 010:891.937 - 0.005ms returns 0x41000000
T611C 010:891.943 JLINK_ReadReg(XPSR)
T611C 010:891.949 - 0.005ms returns 0x41000000
T611C 010:891.955 JLINK_ReadReg(R15 (PC))
T611C 010:891.961 - 0.005ms returns 0x000004FE
T611C 010:891.967 JLINK_ReadReg(XPSR)
T611C 010:891.973 - 0.005ms returns 0x41000000
T611C 010:891.979 JLINK_ReadReg(XPSR)
T611C 010:891.985 - 0.005ms returns 0x41000000
T611C 010:891.991 JLINK_ReadMem(0x000004FE, 0x1 Bytes, ...)
T611C 010:891.997    -- Read from flash cache (1 bytes @ 0x000004FE)
T611C 010:892.005   Data:  40
T611C 010:892.014 - 0.022ms returns 0
T611C 010:904.009 JLINK_WriteMem(0xE0001FB0, 0x4 Bytes, ...)
T611C 010:904.035   Data:  55 CE AC C5
T611C 010:904.272   CPU_WriteMem(4 bytes @ 0xE0001FB0)
T611C 010:904.569 - 0.559ms returns 0x4
T611C 010:905.134 JLINK_WriteMem(0xE0001000, 0x4 Bytes, ...)
T611C 010:905.141   Data:  01 00 00 48
T611C 010:905.150   Debug reg: DWT_CTRL
T611C 010:905.162   CPU_WriteMem(4 bytes @ 0xE0001000)
T611C 010:905.414 - 0.280ms returns 0x4
T611C 010:905.970 JLINK_ReadMem(0xE0001000, 0x4 Bytes, ...)
T611C 010:905.981   CPU_ReadMem(4 bytes @ 0xE0001000)
T611C 010:906.226   Data:  00 00 00 2B
T611C 010:906.262   Debug reg: DWT_CTRL
T611C 010:906.278 - 0.308ms returns 0
T611C 010:906.735 JLINK_IsHalted()
T611C 010:906.752 - 0.016ms returns TRUE
T611C 010:906.834 JLINK_ReadReg(XPSR)
T611C 010:906.843 - 0.009ms returns 0x41000000
T611C 010:906.850 JLINK_ReadReg(R15 (PC))
T611C 010:906.856 - 0.006ms returns 0x000004FE
T611C 010:906.863 JLINK_ReadReg(XPSR)
T611C 010:906.869 - 0.005ms returns 0x41000000
T611C 010:906.875 JLINK_ReadReg(XPSR)
T611C 010:906.882 - 0.005ms returns 0x41000000
T611C 010:906.887 JLINK_ReadReg(R15 (PC))
T611C 010:906.893 - 0.005ms returns 0x000004FE
T611C 010:906.899 JLINK_ReadReg(XPSR)
T611C 010:906.906 - 0.005ms returns 0x41000000
T611C 010:906.911 JLINK_ReadReg(XPSR)
T611C 010:906.918 - 0.006ms returns 0x41000000
T611C 010:906.925 JLINK_ReadMem(0x000004FE, 0x1 Bytes, ...)
T611C 010:906.932    -- Read from flash cache (1 bytes @ 0x000004FE)
T611C 010:906.940   Data:  40
T611C 010:906.949 - 0.024ms returns 0
T611C 010:906.955 JLINK_IsHalted()
T611C 010:906.960 - 0.005ms returns TRUE
T611C 010:906.966 JLINK_ReadReg(XPSR)
T611C 010:906.972 - 0.005ms returns 0x41000000
T611C 010:906.978 JLINK_ReadReg(XPSR)
T611C 010:906.984 - 0.005ms returns 0x41000000
T611C 010:906.990 JLINK_ReadReg(R15 (PC))
T611C 010:906.996 - 0.005ms returns 0x000004FE
T611C 010:907.002 JLINK_ReadReg(XPSR)
T611C 010:907.008 - 0.005ms returns 0x41000000
T611C 010:907.014 JLINK_ReadReg(XPSR)
T611C 010:907.020 - 0.005ms returns 0x41000000
T611C 010:907.026 JLINK_ReadMem(0x000004FE, 0x1 Bytes, ...)
T611C 010:907.032    -- Read from flash cache (1 bytes @ 0x000004FE)
T611C 010:907.039   Data:  40
T611C 010:907.047 - 0.021ms returns 0
T5D5C 024:970.064 JLINK_ReadReg(XPSR)
T5D5C 024:970.442 - 0.377ms returns 0x41000000
T5D5C 024:970.806 JLINK_ReadReg(XPSR)
T5D5C 024:970.820 - 0.015ms returns 0x41000000
T5D5C 024:971.186 JLINK_ClrBPEx(BPHandle = 0x0000000C)
T5D5C 024:971.196 - 0.009ms returns 0x00
T5D5C 024:971.202 JLINK_ClrBPEx(BPHandle = 0x0000000D)
T5D5C 024:971.208 - 0.005ms returns 0x00
T5D5C 024:971.218 JLINK_SetBPEx(Addr = 0x00000522, Type = 0xFFFFFF00)
T5D5C 024:971.228 - 0.010ms returns 0x0000000E
T5D5C 024:971.398 JLINK_STRACE_Read(..., NumItems = 0x10000)
T5D5C 024:971.428 - 0.031ms NumItemsRead = 0x00
T5D5C 024:971.448 JLINK_Step()
T5D5C 024:971.462    -- Read from flash cache (2 bytes @ 0x000004FE)
T5D5C 024:971.482   CPU_ReadMem(4 bytes @ 0xE000ED18)
T5D5C 024:971.746   CPU_WriteMem(4 bytes @ 0xE000ED18)
T5D5C 024:972.036   CPU_ReadMem(4 bytes @ 0xE000ED18)
T5D5C 024:972.292   CPU_WriteMem(4 bytes @ 0xE000ED18)
T5D5C 024:972.870   CPU_ReadMem(4 bytes @ 0xE0001004)
T5D5C 024:973.150    -- Read from flash cache (2 bytes @ 0x00000500)
T5D5C 024:973.172   -- Simulated
T5D5C 024:973.180 - 1.731ms returns 0
T5D5C 024:973.200 JLINK_ReadReg(XPSR)
T5D5C 024:973.208 - 0.007ms returns 0x41000000
T5D5C 024:973.588 JLINK_ClrBPEx(BPHandle = 0x0000000E)
T5D5C 024:973.600 - 0.012ms returns 0x00
T5D5C 024:973.610 JLINK_SetBPEx(Addr = 0x00000522, Type = 0xFFFFFF00)
T5D5C 024:973.616 - 0.007ms returns 0x0000000F
T5D5C 024:973.622 JLINK_SetBPEx(Addr = 0x000004FE, Type = 0xFFFFFF00)
T5D5C 024:973.628 - 0.006ms returns 0x00000010
T5D5C 024:973.846 JLINK_ReadReg(XPSR)
T5D5C 024:973.860 - 0.012ms returns 0x41000000
T5D5C 024:974.144 JLINK_ReadRegs(NumRegs = 22, Indexes: 0, 1, 2, 3, 4, 5, 6, 7, 8, 9, 10, 11, 12, 13, 14, 15, 16, 17, 18, 86, 87, 20)
T5D5C 024:974.166    -- R0=0x00, R1=0x3E8, R2=0x2000, R3=0x40002000, R4=0x200047D4, R5=0x2000482C, R6=0x2000482C, R7=0x3057FA58, R8=0x14AEA13, R9=0x52AC8BBE, R10=0x296AB401, R11=0x5BEA0735, R12=0x40040000, R13 (SP)=0x20004470, R14=0x4FF, R15 (PC)=0x502, XPSR=0x41000000, MSP=0x20004470, PSP=0xE6630D0C, MSPLIM=0x00, PSPLIM=0x00, CFBP=0x00
T5D5C 024:974.176 - 0.031ms returns 0x00
T5D5C 024:974.524 JLINK_STRACE_Read(..., NumItems = 0x10000)
T5D5C 024:974.548 - 0.025ms NumItemsRead = 0x00
T5D5C 024:974.564 JLINK_IsHalted()
T5D5C 024:974.576 - 0.011ms returns TRUE
T5D5C 024:974.588 JLINK_STRACE_Read(..., NumItems = 0x10000)
T5D5C 024:974.600 - 0.010ms NumItemsRead = 0x00
T5D5C 024:974.612 JLINK_GoEx(MaxEmulInsts = 0, Flags = 0x01)
T5D5C 024:974.628   CPU_WriteMem(4 bytes @ 0xE0002000)
T5D5C 024:974.896   CPU_WriteMem(4 bytes @ 0xE0002000)
T5D5C 024:975.164   CPU_ReadMem(4 bytes @ 0xE0001000)
T5D5C 024:975.402   CPU_WriteMem(4 bytes @ 0xE0001000)
T5D5C 024:975.672   CPU_WriteMem(4 bytes @ 0xE0001004)
T5D5C 024:976.732 - 2.118ms
T5D5C 025:073.656 JLINK_IsHalted()
T5D5C 025:074.004 - 0.347ms returns FALSE
T5D5C 025:074.012 JLINK_IsHalted()
T5D5C 025:074.264 - 0.251ms returns FALSE
T5D5C 025:183.020 JLINK_IsHalted()
T5D5C 025:183.318 - 0.297ms returns FALSE
T5D5C 025:183.326 JLINK_IsHalted()
T5D5C 025:183.564 - 0.236ms returns FALSE
T5D5C 025:291.628 JLINK_IsHalted()
T5D5C 025:291.932 - 0.302ms returns FALSE
T5D5C 025:291.946 JLINK_IsHalted()
T5D5C 025:292.214 - 0.267ms returns FALSE
T5D5C 025:401.492 JLINK_IsHalted()
T5D5C 025:401.782 - 0.290ms returns FALSE
T5D5C 025:401.790 JLINK_IsHalted()
T5D5C 025:402.028 - 0.238ms returns FALSE
T5D5C 025:511.184 JLINK_IsHalted()
T5D5C 025:513.342 - 2.157ms returns TRUE
T5D5C 025:513.380 JLINK_ReadReg(XPSR)
T5D5C 025:513.398   CPU_ReadMem(4 bytes @ 0xE000EE08)
T5D5C 025:513.662 - 0.282ms returns 0x41000000
T5D5C 025:513.684 JLINK_ReadReg(R15 (PC))
T5D5C 025:513.692 - 0.010ms returns 0x00000522
T5D5C 025:513.702 JLINK_ReadReg(XPSR)
T5D5C 025:513.708 - 0.006ms returns 0x41000000
T5D5C 025:513.714 JLINK_ReadReg(XPSR)
T5D5C 025:513.720 - 0.005ms returns 0x41000000
T5D5C 025:513.726 JLINK_ReadReg(R15 (PC))
T5D5C 025:513.732 - 0.005ms returns 0x00000522
T5D5C 025:513.738 JLINK_ReadReg(XPSR)
T5D5C 025:513.744 - 0.005ms returns 0x41000000
T5D5C 025:513.750 JLINK_ReadReg(XPSR)
T5D5C 025:513.756 - 0.005ms returns 0x41000000
T5D5C 025:513.764 JLINK_ReadMem(0x00000522, 0x1 Bytes, ...)
T5D5C 025:513.772    -- Read from flash cache (1 bytes @ 0x00000522)
T5D5C 025:513.780   Data:  40
T5D5C 025:513.788 - 0.024ms returns 0
T5D5C 025:513.794 JLINK_IsHalted()
T5D5C 025:513.800 - 0.005ms returns TRUE
T5D5C 025:513.806 JLINK_ReadReg(XPSR)
T5D5C 025:513.816 - 0.009ms returns 0x41000000
T5D5C 025:513.822 JLINK_ReadReg(XPSR)
T5D5C 025:513.828 - 0.005ms returns 0x41000000
T5D5C 025:513.834 JLINK_ReadReg(R15 (PC))
T5D5C 025:513.840 - 0.006ms returns 0x00000522
T5D5C 025:513.846 JLINK_ReadReg(XPSR)
T5D5C 025:513.852 - 0.005ms returns 0x41000000
T5D5C 025:513.858 JLINK_ReadReg(XPSR)
T5D5C 025:513.864 - 0.005ms returns 0x41000000
T5D5C 025:513.870 JLINK_ReadMem(0x00000522, 0x1 Bytes, ...)
T5D5C 025:513.876    -- Read from flash cache (1 bytes @ 0x00000522)
T5D5C 025:513.884   Data:  40
T5D5C 025:513.892 - 0.021ms returns 0
T5D5C 025:514.412 JLINK_ReadRegs(NumRegs = 22, Indexes: 0, 1, 2, 3, 4, 5, 6, 7, 8, 9, 10, 11, 12, 13, 14, 15, 16, 17, 18, 86, 87, 20)
T5D5C 025:514.458    -- R0=0x00, R1=0x40040120, R2=0x4000, R3=0x20004000, R4=0x200047D4, R5=0x2000482C, R6=0x2000482C, R7=0x3057FA58, R8=0x14AEA13, R9=0x52AC8BBE, R10=0x296AB401, R11=0x5BEA0735, R12=0x40040000, R13 (SP)=0x20004470, R14=0x523, R15 (PC)=0x522, XPSR=0x41000000, MSP=0x20004470, PSP=0xE6630D0C, MSPLIM=0x00, PSPLIM=0x00, CFBP=0x00
T5D5C 025:514.476 - 0.066ms returns 0x00
T5D5C 025:514.830 JLINK_ReadReg(XPSR)
T5D5C 025:514.858 - 0.028ms returns 0x41000000
T5D5C 025:515.358 JLINK_ReadMem(0x00000500, 0x40 Bytes, ...)
T5D5C 025:515.378    -- Read from flash cache (64 bytes @ 0x00000500)
T5D5C 025:515.388   Data:  E8 31 40 F2 F4 10 00 F0 03 FA 44 F2 3C 00 46 F2 ...
T5D5C 025:515.396 - 0.036ms returns 0
T5D5C 025:529.494 JLINK_ReadMem(0x00000500, 0x40 Bytes, ...)
T5D5C 025:529.524    -- Read from flash cache (64 bytes @ 0x00000500)
T5D5C 025:529.532   Data:  E8 31 40 F2 F4 10 00 F0 03 FA 44 F2 3C 00 46 F2 ...
T5D5C 025:529.544 - 0.049ms returns 0
T5D5C 025:529.712 JLINK_ReadMem(0x20004440, 0x40 Bytes, ...)
T5D5C 025:529.730   CPU_ReadMem(64 bytes @ 0x20004440)
T5D5C 025:530.286    -- Updating C cache (64 bytes @ 0x20004440)
T5D5C 025:530.298    -- Read from C cache (64 bytes @ 0x20004440)
T5D5C 025:530.308   Data:  04 40 00 20 13 EA 4A 01 BE 8B AC 52 53 00 00 00 ...
T5D5C 025:530.316 - 0.603ms returns 0
T5D5C 025:530.482 JLINK_ReadMem(0x00000540, 0x40 Bytes, ...)
T5D5C 025:530.490    -- Read from flash cache (64 bytes @ 0x00000540)
T5D5C 025:530.498   Data:  99 54 10 BD 02 28 FC D1 40 F6 C0 41 44 F2 3C 00 ...
T5D5C 025:530.506 - 0.023ms returns 0
T5D5C 025:544.836 JLINK_ReadReg(XPSR)
T5D5C 025:544.896 - 0.058ms returns 0x41000000
T5D5C 025:545.516 JLINK_ReadReg(XPSR)
T5D5C 025:545.540 - 0.025ms returns 0x41000000
T611C 026:516.452 JLINK_IsHalted()
T611C 026:516.752 - 0.298ms returns TRUE
T611C 026:516.772 JLINK_ReadReg(XPSR)
T611C 026:516.786 - 0.013ms returns 0x41000000
T611C 026:516.792 JLINK_ReadReg(R15 (PC))
T611C 026:516.796 - 0.006ms returns 0x00000522
T611C 026:516.804 JLINK_ReadReg(XPSR)
T611C 026:516.812 - 0.005ms returns 0x41000000
T611C 026:516.818 JLINK_ReadReg(XPSR)
T611C 026:516.822 - 0.005ms returns 0x41000000
T611C 026:516.828 JLINK_ReadReg(R15 (PC))
T611C 026:516.836 - 0.005ms returns 0x00000522
T611C 026:516.842 JLINK_ReadReg(XPSR)
T611C 026:516.846 - 0.005ms returns 0x41000000
T611C 026:516.852 JLINK_ReadReg(XPSR)
T611C 026:516.860 - 0.005ms returns 0x41000000
T611C 026:516.866 JLINK_ReadMem(0x00000522, 0x1 Bytes, ...)
T611C 026:516.874    -- Read from flash cache (1 bytes @ 0x00000522)
T611C 026:516.884   Data:  40
T611C 026:516.892 - 0.026ms returns 0
T611C 026:516.898 JLINK_IsHalted()
T611C 026:516.904 - 0.005ms returns TRUE
T611C 026:516.910 JLINK_ReadReg(XPSR)
T611C 026:516.916 - 0.005ms returns 0x41000000
T611C 026:516.922 JLINK_ReadReg(XPSR)
T611C 026:516.928 - 0.005ms returns 0x41000000
T611C 026:516.932 JLINK_ReadReg(R15 (PC))
T611C 026:516.940 - 0.005ms returns 0x00000522
T611C 026:516.946 JLINK_ReadReg(XPSR)
T611C 026:516.950 - 0.005ms returns 0x41000000
T611C 026:516.956 JLINK_ReadReg(XPSR)
T611C 026:516.964 - 0.005ms returns 0x41000000
T611C 026:516.970 JLINK_ReadMem(0x00000522, 0x1 Bytes, ...)
T611C 026:516.974    -- Read from flash cache (1 bytes @ 0x00000522)
T611C 026:516.982   Data:  40
T611C 026:516.996 - 0.026ms returns 0
T5D5C 028:223.628 JLINK_ReadReg(XPSR)
T5D5C 028:223.914 - 0.283ms returns 0x41000000
T5D5C 028:224.388 JLINK_ReadReg(XPSR)
T5D5C 028:224.410 - 0.021ms returns 0x41000000
T5D5C 028:224.772 JLINK_ClrBPEx(BPHandle = 0x0000000F)
T5D5C 028:224.784 - 0.015ms returns 0x00
T5D5C 028:224.794 JLINK_ClrBPEx(BPHandle = 0x00000010)
T5D5C 028:224.796 - 0.005ms returns 0x00
T5D5C 028:224.806 JLINK_SetBPEx(Addr = 0x000004FE, Type = 0xFFFFFF00)
T5D5C 028:224.812 - 0.007ms returns 0x00000011
T5D5C 028:224.992 JLINK_STRACE_Read(..., NumItems = 0x10000)
T5D5C 028:225.024 - 0.032ms NumItemsRead = 0x00
T5D5C 028:225.044 JLINK_Step()
T5D5C 028:225.060    -- Read from flash cache (2 bytes @ 0x00000522)
T5D5C 028:225.076   CPU_ReadMem(4 bytes @ 0xE0001004)
T5D5C 028:225.350    -- Read from flash cache (2 bytes @ 0x00000524)
T5D5C 028:225.366   -- Simulated
T5D5C 028:225.376 - 0.332ms returns 0
T5D5C 028:225.396 JLINK_ReadReg(XPSR)
T5D5C 028:225.402 - 0.006ms returns 0x41000000
T5D5C 028:225.776 JLINK_ClrBPEx(BPHandle = 0x00000011)
T5D5C 028:225.808 - 0.031ms returns 0x00
T5D5C 028:225.824 JLINK_SetBPEx(Addr = 0x000004FE, Type = 0xFFFFFF00)
T5D5C 028:225.836 - 0.013ms returns 0x00000012
T5D5C 028:225.856 JLINK_SetBPEx(Addr = 0x00000522, Type = 0xFFFFFF00)
T5D5C 028:225.908 - 0.049ms returns 0x00000013
T5D5C 028:226.224 JLINK_ReadReg(XPSR)
T5D5C 028:226.260 - 0.035ms returns 0x41000000
T5D5C 028:227.756 JLINK_ReadRegs(NumRegs = 22, Indexes: 0, 1, 2, 3, 4, 5, 6, 7, 8, 9, 10, 11, 12, 13, 14, 15, 16, 17, 18, 86, 87, 20)
T5D5C 028:227.834    -- R0=0x00, R1=0x3E8, R2=0x4000, R3=0x20004000, R4=0x200047D4, R5=0x2000482C, R6=0x2000482C, R7=0x3057FA58, R8=0x14AEA13, R9=0x52AC8BBE, R10=0x296AB401, R11=0x5BEA0735, R12=0x40040000, R13 (SP)=0x20004470, R14=0x523, R15 (PC)=0x526, XPSR=0x41000000, MSP=0x20004470, PSP=0xE6630D0C, MSPLIM=0x00, PSPLIM=0x00, CFBP=0x00
T5D5C 028:227.852 - 0.097ms returns 0x00
T5D5C 028:228.358 JLINK_STRACE_Read(..., NumItems = 0x10000)
T5D5C 028:228.396 - 0.038ms NumItemsRead = 0x00
T5D5C 028:228.416 JLINK_IsHalted()
T5D5C 028:228.428 - 0.013ms returns TRUE
T5D5C 028:228.442 JLINK_STRACE_Read(..., NumItems = 0x10000)
T5D5C 028:228.454 - 0.011ms NumItemsRead = 0x00
T5D5C 028:228.468 JLINK_GoEx(MaxEmulInsts = 0, Flags = 0x01)
T5D5C 028:228.486   CPU_WriteMem(4 bytes @ 0xE0002000)
T5D5C 028:228.806   CPU_WriteMem(4 bytes @ 0xE0002000)
T5D5C 028:229.204   CPU_ReadMem(4 bytes @ 0xE0001000)
T5D5C 028:229.444   CPU_WriteMem(4 bytes @ 0xE0002008)
T5D5C 028:229.460   CPU_WriteMem(4 bytes @ 0xE000200C)
T5D5C 028:229.888   CPU_WriteMem(4 bytes @ 0xE0001004)
T5D5C 028:230.780 - 2.315ms
T5D5C 028:339.398 JLINK_IsHalted()
T5D5C 028:339.696 - 0.294ms returns FALSE
T5D5C 028:339.702 JLINK_IsHalted()
T5D5C 028:339.996 - 0.292ms returns FALSE
T5D5C 028:448.202 JLINK_IsHalted()
T5D5C 028:448.512 - 0.307ms returns FALSE
T5D5C 028:448.518 JLINK_IsHalted()
T5D5C 028:448.774 - 0.254ms returns FALSE
T5D5C 028:557.840 JLINK_IsHalted()
T5D5C 028:558.176 - 0.334ms returns FALSE
T5D5C 028:558.182 JLINK_IsHalted()
T5D5C 028:558.406 - 0.222ms returns FALSE
T5D5C 028:666.996 JLINK_IsHalted()
T5D5C 028:667.300 - 0.301ms returns FALSE
T5D5C 028:667.316 JLINK_IsHalted()
T5D5C 028:667.564 - 0.249ms returns FALSE
T5D5C 028:776.358 JLINK_IsHalted()
T5D5C 028:778.556 - 2.197ms returns TRUE
T5D5C 028:778.580 JLINK_ReadReg(XPSR)
T5D5C 028:778.592   CPU_ReadMem(4 bytes @ 0xE000EE08)
T5D5C 028:778.854 - 0.274ms returns 0x41000000
T5D5C 028:778.864 JLINK_ReadReg(R15 (PC))
T5D5C 028:778.870 - 0.006ms returns 0x000004FE
T5D5C 028:778.876 JLINK_ReadReg(XPSR)
T5D5C 028:778.884 - 0.006ms returns 0x41000000
T5D5C 028:778.890 JLINK_ReadReg(XPSR)
T5D5C 028:778.896 - 0.005ms returns 0x41000000
T5D5C 028:778.902 JLINK_ReadReg(R15 (PC))
T5D5C 028:778.908 - 0.005ms returns 0x000004FE
T5D5C 028:778.916 JLINK_ReadReg(XPSR)
T5D5C 028:778.918 - 0.005ms returns 0x41000000
T5D5C 028:778.924 JLINK_ReadReg(XPSR)
T5D5C 028:778.932 - 0.005ms returns 0x41000000
T5D5C 028:778.938 JLINK_ReadMem(0x000004FE, 0x1 Bytes, ...)
T5D5C 028:778.950    -- Read from flash cache (1 bytes @ 0x000004FE)
T5D5C 028:778.960   Data:  40
T5D5C 028:778.966 - 0.029ms returns 0
T5D5C 028:778.976 JLINK_IsHalted()
T5D5C 028:778.980 - 0.005ms returns TRUE
T5D5C 028:778.986 JLINK_ReadReg(XPSR)
T5D5C 028:778.992 - 0.005ms returns 0x41000000
T5D5C 028:778.998 JLINK_ReadReg(XPSR)
T5D5C 028:779.004 - 0.005ms returns 0x41000000
T5D5C 028:779.012 JLINK_ReadReg(R15 (PC))
T5D5C 028:779.014 - 0.005ms returns 0x000004FE
T5D5C 028:779.020 JLINK_ReadReg(XPSR)
T5D5C 028:779.028 - 0.005ms returns 0x41000000
T5D5C 028:779.034 JLINK_ReadReg(XPSR)
T5D5C 028:779.040 - 0.005ms returns 0x41000000
T5D5C 028:779.046 JLINK_ReadMem(0x000004FE, 0x1 Bytes, ...)
T5D5C 028:779.050    -- Read from flash cache (1 bytes @ 0x000004FE)
T5D5C 028:779.060   Data:  40
T5D5C 028:779.066 - 0.021ms returns 0
T5D5C 028:779.440 JLINK_ReadRegs(NumRegs = 22, Indexes: 0, 1, 2, 3, 4, 5, 6, 7, 8, 9, 10, 11, 12, 13, 14, 15, 16, 17, 18, 86, 87, 20)
T5D5C 028:779.468    -- R0=0x00, R1=0x40040120, R2=0x2000, R3=0x40002000, R4=0x200047D4, R5=0x2000482C, R6=0x2000482C, R7=0x3057FA58, R8=0x14AEA13, R9=0x52AC8BBE, R10=0x296AB401, R11=0x5BEA0735, R12=0x40040000, R13 (SP)=0x20004470, R14=0x4FF, R15 (PC)=0x4FE, XPSR=0x41000000, MSP=0x20004470, PSP=0xE6630D0C, MSPLIM=0x00, PSPLIM=0x00, CFBP=0x00
T5D5C 028:779.478 - 0.040ms returns 0x00
T5D5C 028:779.962 JLINK_ReadReg(XPSR)
T5D5C 028:779.994 - 0.033ms returns 0x41000000
T5D5C 028:780.364 JLINK_ReadMem(0x000004C0, 0x40 Bytes, ...)
T5D5C 028:780.378    -- Read from flash cache (64 bytes @ 0x000004C0)
T5D5C 028:780.388   Data:  C0 F2 00 03 10 B5 4B B1 44 F2 24 01 40 F6 24 50 ...
T5D5C 028:780.394 - 0.030ms returns 0
T5D5C 028:780.508 JLINK_ReadMem(0x00000500, 0x40 Bytes, ...)
T5D5C 028:780.532    -- Read from flash cache (64 bytes @ 0x00000500)
T5D5C 028:780.550   Data:  E8 31 40 F2 F4 10 00 F0 03 FA 44 F2 3C 00 46 F2 ...
T5D5C 028:780.564 - 0.054ms returns 0
T5D5C 028:803.622 JLINK_ReadMem(0x000004C0, 0x40 Bytes, ...)
T5D5C 028:803.668    -- Read from flash cache (64 bytes @ 0x000004C0)
T5D5C 028:803.696   Data:  C0 F2 00 03 10 B5 4B B1 44 F2 24 01 40 F6 24 50 ...
T5D5C 028:803.718 - 0.095ms returns 0
T5D5C 028:803.844 JLINK_ReadMem(0x00000500, 0x40 Bytes, ...)
T5D5C 028:803.862    -- Read from flash cache (64 bytes @ 0x00000500)
T5D5C 028:803.872   Data:  E8 31 40 F2 F4 10 00 F0 03 FA 44 F2 3C 00 46 F2 ...
T5D5C 028:803.882 - 0.038ms returns 0
T5D5C 028:804.052 JLINK_ReadMem(0x20004440, 0x40 Bytes, ...)
T5D5C 028:804.070   CPU_ReadMem(64 bytes @ 0x20004440)
T5D5C 028:804.630    -- Updating C cache (64 bytes @ 0x20004440)
T5D5C 028:804.640    -- Read from C cache (64 bytes @ 0x20004440)
T5D5C 028:804.650   Data:  04 40 00 20 13 EA 4A 01 BE 8B AC 52 53 00 00 00 ...
T5D5C 028:804.660 - 0.608ms returns 0
T5D5C 028:804.800 JLINK_ReadMem(0x00000540, 0x40 Bytes, ...)
T5D5C 028:804.810    -- Read from flash cache (64 bytes @ 0x00000540)
T5D5C 028:804.820   Data:  99 54 10 BD 02 28 FC D1 40 F6 C0 41 44 F2 3C 00 ...
T5D5C 028:804.826 - 0.026ms returns 0
T5D5C 028:819.034 JLINK_ReadReg(XPSR)
T5D5C 028:819.088 - 0.054ms returns 0x41000000
T5D5C 028:819.574 JLINK_ReadReg(XPSR)
T5D5C 028:819.600 - 0.026ms returns 0x41000000
T611C 029:519.212 JLINK_IsHalted()
T611C 029:519.514 - 0.300ms returns TRUE
T611C 029:519.524 JLINK_ReadReg(XPSR)
T611C 029:519.536 - 0.012ms returns 0x41000000
T611C 029:519.546 JLINK_ReadReg(R15 (PC))
T611C 029:519.552 - 0.006ms returns 0x000004FE
T611C 029:519.558 JLINK_ReadReg(XPSR)
T611C 029:519.564 - 0.005ms returns 0x41000000
T611C 029:519.572 JLINK_ReadReg(XPSR)
T611C 029:519.574 - 0.005ms returns 0x41000000
T611C 029:519.580 JLINK_ReadReg(R15 (PC))
T611C 029:519.588 - 0.005ms returns 0x000004FE
T611C 029:519.594 JLINK_ReadReg(XPSR)
T611C 029:519.600 - 0.005ms returns 0x41000000
T611C 029:519.606 JLINK_ReadReg(XPSR)
T611C 029:519.610 - 0.005ms returns 0x41000000
T611C 029:519.620 JLINK_ReadMem(0x000004FE, 0x1 Bytes, ...)
T611C 029:519.626    -- Read from flash cache (1 bytes @ 0x000004FE)
T611C 029:519.638   Data:  40
T611C 029:519.648 - 0.029ms returns 0
T611C 029:519.654 JLINK_IsHalted()
T611C 029:519.660 - 0.005ms returns TRUE
T611C 029:519.668 JLINK_ReadReg(XPSR)
T611C 029:519.670 - 0.005ms returns 0x41000000
T611C 029:519.676 JLINK_ReadReg(XPSR)
T611C 029:519.684 - 0.005ms returns 0x41000000
T611C 029:519.690 JLINK_ReadReg(R15 (PC))
T611C 029:519.696 - 0.005ms returns 0x000004FE
T611C 029:519.702 JLINK_ReadReg(XPSR)
T611C 029:519.706 - 0.005ms returns 0x41000000
T611C 029:519.712 JLINK_ReadReg(XPSR)
T611C 029:519.718 - 0.005ms returns 0x41000000
T611C 029:519.724 JLINK_ReadMem(0x000004FE, 0x1 Bytes, ...)
T611C 029:519.732    -- Read from flash cache (1 bytes @ 0x000004FE)
T611C 029:519.738   Data:  40
T611C 029:519.748 - 0.021ms returns 0
T5D5C 069:070.400 JLINK_ReadMem(0x00000500, 0x40 Bytes, ...)
T5D5C 069:070.424    -- Read from flash cache (64 bytes @ 0x00000500)
T5D5C 069:070.432   Data:  E8 31 40 F2 F4 10 00 F0 03 FA 44 F2 3C 00 46 F2 ...
T5D5C 069:070.440 - 0.041ms returns 0
T5D5C 069:070.608 JLINK_ReadMem(0x000004C0, 0x40 Bytes, ...)
T5D5C 069:070.624    -- Read from flash cache (64 bytes @ 0x000004C0)
T5D5C 069:070.640   Data:  C0 F2 00 03 10 B5 4B B1 44 F2 24 01 40 F6 24 50 ...
T5D5C 069:070.640 - 0.035ms returns 0
T5D5C 069:094.736 JLINK_ResetPullsRESET(ON)
T5D5C 069:094.768 - 0.035ms
T5D5C 069:094.776 JLINK_Halt()
T5D5C 069:095.088 - 0.307ms returns 0x00
T5D5C 069:095.120 JLINK_IsHalted()
T5D5C 069:095.136 - 0.014ms returns TRUE
T5D5C 069:095.144 JLINK_Reset()
T5D5C 069:095.152   Memory map 'before startup completion point' is active
T5D5C 069:095.168   CPU_WriteMem(4 bytes @ 0xE000EDF0)
T5D5C 069:095.432   CPU_ReadMem(4 bytes @ 0xE000ED44)
T5D5C 069:095.704   CPU_WriteMem(4 bytes @ 0xE000EDFC)
T5D5C 069:095.984   Reset: Halt core after reset via DEMCR.VC_CORERESET.
T5D5C 069:096.232   Reset: Reset device via AIRCR.SYSRESETREQ.
T5D5C 069:096.240   CPU_WriteMem(4 bytes @ 0xE000ED0C)
T5D5C 069:149.392   CPU_ReadMem(4 bytes @ 0xE000EDF0)
T5D5C 069:149.680   CPU_ReadMem(4 bytes @ 0xE000EDF0)
T5D5C 069:149.904   CPU_WriteMem(4 bytes @ 0xE000EDFC)
T5D5C 069:155.800   CPU_ReadMem(4 bytes @ 0xE000EDF0)
T5D5C 069:158.504   CPU_WriteMem(4 bytes @ 0xE0002000)
T5D5C 069:158.808   CPU_ReadMem(4 bytes @ 0xE000EDFC)
T5D5C 069:159.152   CPU_ReadMem(4 bytes @ 0xE0001000)
T5D5C 069:159.448   CPU_WriteMem(4 bytes @ 0xE0001000)
T5D5C 069:159.744   CPU_ReadMem(4 bytes @ 0xE000EE08)
T5D5C 069:160.056 - 64.914ms
T5D5C 069:160.080 JLINK_SetEndian(ARM_ENDIAN_LITTLE)
T5D5C 069:160.080 - 0.005ms returns 0
T5D5C 069:160.192 JLINK_BeginDownload(Flags = 0x00000000)
T5D5C 069:160.200 - 0.006ms
T5D5C 069:172.344 JLINK_WriteMem(0x00000000, 0xBD0 Bytes, ...)
T5D5C 069:172.368   Data:  88 44 00 20 89 0A 00 00 6D 09 00 00 85 0A 00 00 ...
T5D5C 069:172.376   completely In flash
T5D5C 069:172.384 - 0.040ms returns 0xBD0
T5D5C 069:172.600 JLINK_WriteMem(0x00000BD0, 0x158 Bytes, ...)
T5D5C 069:172.616   Data:  00 A5 FF FF 00 FC FF FF F0 B5 4F F6 FF 75 04 00 ...
T5D5C 069:172.624   completely In flash
T5D5C 069:172.632 - 0.031ms returns 0x158
T5D5C 069:172.800 JLINK_WriteMem(0x00000D28, 0x8 Bytes, ...)
T5D5C 069:172.816   Data:  BD 04 00 00 8D 04 00 00
T5D5C 069:172.824   completely In flash
T5D5C 069:172.832 - 0.033ms returns 0x8
T5D5C 069:173.072 JLINK_WriteMem(0x01010018, 0x1C Bytes, ...)
T5D5C 069:173.104   Data:  FF FF FF FF FF FF FF FF FF FF FF FF FF FF FF FF ...
T5D5C 069:173.120   completely In flash
T5D5C 069:173.136 - 0.066ms returns 0x1C
T5D5C 069:174.400 JLINK_ReadMem(0x00000500, 0x40 Bytes, ...)
T5D5C 069:174.416    -- Read from flash cache (64 bytes @ 0x00000500)
T5D5C 069:174.424   Data:  E8 31 40 F2 F4 10 00 F0 03 FA 44 F2 3C 00 46 F2 ...
T5D5C 069:174.432 - 0.036ms returns 0
T5D5C 069:174.520 JLINK_ReadMem(0x000004C0, 0x40 Bytes, ...)
T5D5C 069:174.536    -- Read from flash cache (64 bytes @ 0x000004C0)
T5D5C 069:174.544   Data:  C0 F2 00 03 10 B5 4B B1 44 F2 24 01 40 F6 24 50 ...
T5D5C 069:174.640 - 0.114ms returns 0
T5D5C 069:218.608 JLINK_ReadMem(0x00000500, 0x40 Bytes, ...)
T5D5C 069:218.632    -- Read from flash cache (64 bytes @ 0x00000500)
T5D5C 069:218.640   Data:  E8 31 40 F2 F4 10 00 F0 03 FA 44 F2 3C 00 46 F2 ...
T5D5C 069:218.648 - 0.040ms returns 0
T5D5C 069:218.880 JLINK_ReadMem(0x000004C0, 0x40 Bytes, ...)
T5D5C 069:218.896    -- Read from flash cache (64 bytes @ 0x000004C0)
T5D5C 069:218.904   Data:  C0 F2 00 03 10 B5 4B B1 44 F2 24 01 40 F6 24 50 ...
T5D5C 069:218.920 - 0.034ms returns 0
T5D5C 069:262.352 JLINK_EndDownload()
T5D5C 069:262.536   CPU_ReadMem(4 bytes @ 0x40019004)
T5D5C 069:262.768   CPU_ReadMem(4 bytes @ 0xE000ED90)
T5D5C 069:263.096   CPU_ReadMem(4 bytes @ 0xE000ED94)
T5D5C 069:263.352    -- --------------------------------------
T5D5C 069:263.368    -- Start of determining flash info (Bank @ 0x01010010)
T5D5C 069:263.376    -- End of determining flash info
T5D5C 069:263.384    -- Start of determining dirty areas in flash cache
T5D5C 069:263.400    -- Filling invalid ranges in sector buffer (flash cache) for sector @ 0x01010010 if necessary
T5D5C 069:263.408    -- End of determining dirty areas
T5D5C 069:263.416    -- Start of preparing flash programming
T5D5C 069:263.424    -- Preparing RAMCode
T5D5C 069:263.432    -- Calculating RAM usage
T5D5C 069:263.440    -- RAM usage = 4560 Bytes
T5D5C 069:263.448    -- Preserving CPU registers
T5D5C 069:263.688    -- Preparing memory
T5D5C 069:263.696    -- Determining CPU clock frequency
T5D5C 069:296.976    -- CPU frequency = 498 kHz
T5D5C 069:297.008    -- Preparing target
T5D5C 069:297.016    -- Preserving target RAM temporarily used for programming
T5D5C 069:320.528    -- Downloading RAMCode
T5D5C 069:349.072    -- Initializing RAMCode (InitType: 3 = Verify)
T5D5C 069:349.104    -- Executing Init(3)
T5D5C 069:357.120    -- End of preparing flash programming
T5D5C 069:358.880   
  ***** Warning: 
T5D5C 069:358.920   CPU is running at very low speed (498 kHz). Readback will be performed instead of CRC calculation.
T5D5C 069:358.928    -- CPU is running at 498 kHz.
T5D5C 069:358.936    -- Start of comparing flash
T5D5C 069:358.944    -- Flash algorithm supports a native verify function which is used to compare the flash content.
T5D5C 069:377.424    -- Comparing range 0x1010010 - 0x1010033 (1 Sector, 36 Bytes), using verify function of the RAMCode
T5D5C 069:378.768    -- Data matches for sector 0
T5D5C 069:378.792    -- End of comparing flash
T5D5C 069:378.800    -- Start of erasing sectors
T5D5C 069:378.808    -- End of erasing sectors
T5D5C 069:378.816    -- Start of flash programming
T5D5C 069:378.824    -- End of flash programming
T5D5C 069:378.832    -- Start of verifying flash
T5D5C 069:378.840    -- End of verifying flash
T5D5C 069:378.872    -- Start of restoring
T5D5C 069:378.888    -- Executing UnInit()
T5D5C 069:382.656    -- Restoring target memory
T5D5C 069:402.536    -- Restoring CPU registers
T5D5C 069:402.816    -- End of restoring
T5D5C 069:402.840    -- Bank 0 @ 0x01010010: Skipped. Contents already match
T5D5C 069:402.848    -- Bank 0 @ 0x01010010: Skipped. Contents already match
T5D5C 069:405.440    -- --------------------------------------
T5D5C 069:405.456    -- Flash bank @ 0x00000000: Default: L2 verify disabled because algorithm performs L1 verify
T5D5C 069:405.464    -- Start of determining dirty areas in flash cache
T5D5C 069:405.480    -- Filling invalid ranges in sector buffer (flash cache) for sector @ 0x00000000 if necessary
T5D5C 069:405.488    -- Filling invalid ranges in sector buffer (flash cache) for sector @ 0x00000800 if necessary
T5D5C 069:405.504    -- End of determining dirty areas
T5D5C 069:405.512    -- Start of preparing flash programming
T5D5C 069:405.520    -- Calculating RAM usage
T5D5C 069:405.536    -- RAM usage = 3284 Bytes
T5D5C 069:405.544    -- Preserving CPU registers
T5D5C 069:405.568    -- Determining CPU clock frequency
T5D5C 069:437.920    -- Preparing target
T5D5C 069:440.472    -- Preserving target RAM temporarily used for programming
T5D5C 069:455.240    -- Downloading RAMCode
T5D5C 069:470.504    -- Preparing RAMCode
T5D5C 069:477.376    -- CPU frequency = 8000 kHz
T5D5C 069:477.408    -- End of preparing flash programming
T5D5C 069:478.752   
  ***** Warning: 
T5D5C 069:478.792   CPU is running at low speed (8000 kHz).
T5D5C 069:478.800    -- CPU is running at 8000 kHz.
T5D5C 069:478.824    -- Start of comparing flash
T5D5C 069:478.832    -- CRC check was estimated as fastest method
T5D5C 069:492.888    -- Comparing range 0x0000 - 0x0FFF (2 Sectors, 4 KB), using multi-block CRC calculation
T5D5C 069:504.544    -- CRC does not match for sector 1
T5D5C 069:504.664    -- Comparing range 0x0000 - 0x07FF (1 Sector, 2 KB), using alternative multi-block CRC calculation
T5D5C 069:510.976    -- All CRCs match
T5D5C 069:511.000    -- End of comparing flash
T5D5C 069:511.016    -- Start of erasing sectors
T5D5C 069:511.024    -- Erasing range 0x00000800 - 0x00000FFF (  1 Sector, 2 KB)
T5D5C 069:519.816    -- End of erasing sectors
T5D5C 069:519.840    -- Start of flash programming
T5D5C 069:519.848    -- Programming range 0x00000800 - 0x00000FFF (  1 Sector, 2 KB)
T5D5C 069:532.344    -- End of flash programming
T5D5C 069:532.384    -- 0x0800 - 0x0FFF (  1 Sector, 2 KB)
T5D5C 069:532.392    -- Start of restoring
T5D5C 069:532.400    -- Restoring RAMCode
T5D5C 069:549.136    -- Restoring target memory
T5D5C 069:561.272    -- Restore target
T5D5C 069:562.344    -- Restoring CPU registers
T5D5C 069:562.584    -- End of restoring
T5D5C 069:562.608    -- Bank 1 @ 0x00000000: 1 range affected (2048 bytes)
T5D5C 069:562.608    -- Total: 0.157s (Prepare: 0.073s, Compare: 0.032s, Erase: 0.008s, Program & Verify: 0.026s, Restore: 0.016s)
T5D5C 069:562.624    -- Program & Verify speed: 76 KB/s
T5D5C 069:565.480 - 303.118ms returns 2048 (0x800)
T5D5C 069:565.760 JLINK_WriteReg(R15 (PC), 0x00000A88)
T5D5C 069:565.784 - 0.022ms returns 0
T5D5C 069:565.792 JLINK_WriteReg(XPSR, 0x01000000)
T5D5C 069:565.800 - 0.006ms returns 0
T5D5C 069:565.808 JLINK_ResetPullsRESET(ON)
T5D5C 069:565.816 - 0.005ms
T5D5C 069:565.824 JLINK_Halt()
T5D5C 069:565.824 - 0.005ms returns 0x00
T5D5C 069:565.832 JLINK_IsHalted()
T5D5C 069:565.840 - 0.005ms returns TRUE
T5D5C 069:565.840 JLINK_Reset()
T5D5C 069:565.856   CPU_ReadMem(4 bytes @ 0x20004000)
T5D5C 069:566.080   CPU_WriteMem(4 bytes @ 0x20004000)
T5D5C 069:566.320   CPU_WriteMem(4 bytes @ 0xE000EDF0)
T5D5C 069:566.552   CPU_ReadMem(4 bytes @ 0xE000ED44)
T5D5C 069:566.904   CPU_WriteMem(4 bytes @ 0xE000EDFC)
T5D5C 069:567.160   Reset: Halt core after reset via DEMCR.VC_CORERESET.
T5D5C 069:567.432   Reset: Reset device via AIRCR.SYSRESETREQ.
T5D5C 069:567.472   CPU_WriteMem(4 bytes @ 0xE000ED0C)
T5D5C 069:620.360   CPU_ReadMem(4 bytes @ 0xE000EDF0)
T5D5C 069:620.608   CPU_ReadMem(4 bytes @ 0xE000EDF0)
T5D5C 069:620.912   CPU_WriteMem(4 bytes @ 0xE000EDFC)
T5D5C 069:626.440   CPU_ReadMem(4 bytes @ 0xE000EDF0)
T5D5C 069:629.104   CPU_WriteMem(4 bytes @ 0xE0002000)
T5D5C 069:629.360   CPU_ReadMem(4 bytes @ 0xE000EDFC)
T5D5C 069:629.576   CPU_ReadMem(4 bytes @ 0xE0001000)
T5D5C 069:629.768   CPU_WriteMem(4 bytes @ 0xE0001000)
T5D5C 069:630.000   CPU_ReadMem(4 bytes @ 0xE000EE08)
T5D5C 069:630.240 - 64.391ms
T5D5C 069:630.256 JLINK_SetEndian(ARM_ENDIAN_LITTLE)
T5D5C 069:630.256 - 0.006ms returns 0
T5D5C 069:665.208 JLINK_ResetPullsRESET(ON)
T5D5C 069:665.232 - 0.026ms
T5D5C 069:665.240 JLINK_Halt()
T5D5C 069:665.256 - 0.007ms returns 0x00
T5D5C 069:665.264 JLINK_IsHalted()
T5D5C 069:665.264 - 0.007ms returns TRUE
T5D5C 069:665.272 JLINK_Reset()
T5D5C 069:665.296   CPU_WriteMem(4 bytes @ 0xE000EDF0)
T5D5C 069:665.536   CPU_ReadMem(4 bytes @ 0xE000ED44)
T5D5C 069:665.768   CPU_WriteMem(4 bytes @ 0xE000EDFC)
T5D5C 069:666.000   Reset: Halt core after reset via DEMCR.VC_CORERESET.
T5D5C 069:666.224   Reset: Reset device via AIRCR.SYSRESETREQ.
T5D5C 069:666.248   CPU_WriteMem(4 bytes @ 0xE000ED0C)
T5D5C 069:719.584   CPU_ReadMem(4 bytes @ 0xE000EDF0)
T5D5C 069:719.896   CPU_ReadMem(4 bytes @ 0xE000EDF0)
T5D5C 069:720.104   CPU_WriteMem(4 bytes @ 0xE000EDFC)
T5D5C 069:726.072   CPU_ReadMem(4 bytes @ 0xE000EDF0)
T5D5C 069:729.008   CPU_WriteMem(4 bytes @ 0xE0002000)
T5D5C 069:729.328   CPU_ReadMem(4 bytes @ 0xE000EDFC)
T5D5C 069:729.600   CPU_ReadMem(4 bytes @ 0xE0001000)
T5D5C 069:729.904   CPU_WriteMem(4 bytes @ 0xE0001000)
T5D5C 069:730.160   CPU_ReadMem(4 bytes @ 0xE000EE08)
T5D5C 069:730.392 - 65.120ms
T5D5C 069:730.416 JLINK_SetEndian(ARM_ENDIAN_LITTLE)
T5D5C 069:730.416 - 0.006ms returns 0
T5D5C 069:870.352 JLINK_IsHalted()
T5D5C 069:870.376 - 0.024ms returns TRUE
T5D5C 069:870.384 JLINK_ReadReg(XPSR)
T5D5C 069:870.392   CPU_ReadMem(4 bytes @ 0xE000EE08)
T5D5C 069:870.632 - 0.252ms returns 0x61000000
T5D5C 069:870.648 JLINK_ReadReg(R15 (PC))
T5D5C 069:870.656 - 0.008ms returns 0x00000A88
T5D5C 069:870.672 JLINK_ReadReg(XPSR)
T5D5C 069:870.672 - 0.006ms returns 0x61000000
T5D5C 069:870.680 JLINK_ReadReg(XPSR)
T5D5C 069:870.688 - 0.005ms returns 0x61000000
T5D5C 069:870.696 JLINK_ReadReg(R15 (PC))
T5D5C 069:870.704 - 0.005ms returns 0x00000A88
T5D5C 069:870.704 JLINK_ReadReg(XPSR)
T5D5C 069:870.704 - 0.005ms returns 0x61000000
T5D5C 069:870.712 JLINK_ReadReg(XPSR)
T5D5C 069:870.720 - 0.005ms returns 0x61000000
T5D5C 069:870.728 JLINK_ReadMem(0x00000A88, 0x1 Bytes, ...)
T5D5C 069:870.736    -- Read from flash cache (1 bytes @ 0x00000A88)
T5D5C 069:870.744   Data:  10
T5D5C 069:870.752 - 0.025ms returns 0
T5D5C 069:870.760 JLINK_IsHalted()
T5D5C 069:870.768 - 0.005ms returns TRUE
T5D5C 069:870.768 JLINK_ReadReg(XPSR)
T5D5C 069:870.776 - 0.005ms returns 0x61000000
T5D5C 069:870.784 JLINK_ReadReg(XPSR)
T5D5C 069:870.792 - 0.005ms returns 0x61000000
T5D5C 069:870.800 JLINK_ReadReg(R15 (PC))
T5D5C 069:870.800 - 0.005ms returns 0x00000A88
T5D5C 069:870.808 JLINK_ReadReg(XPSR)
T5D5C 069:870.816 - 0.005ms returns 0x61000000
T5D5C 069:870.824 JLINK_ReadReg(XPSR)
T5D5C 069:870.832 - 0.005ms returns 0x61000000
T5D5C 069:870.832 JLINK_ReadMem(0x00000A88, 0x1 Bytes, ...)
T5D5C 069:870.840    -- Read from flash cache (1 bytes @ 0x00000A88)
T5D5C 069:870.848   Data:  10
T5D5C 069:870.856 - 0.021ms returns 0
T5D5C 069:871.176 JLINK_ReadRegs(NumRegs = 22, Indexes: 0, 1, 2, 3, 4, 5, 6, 7, 8, 9, 10, 11, 12, 13, 14, 15, 16, 17, 18, 86, 87, 20)
T5D5C 069:871.192    -- R0=0x3FFF, R1=0x40044200, R2=0x00, R3=0xC00, R4=0x200047D4, R5=0x200047F4, R6=0x200047F4, R7=0x3057FA58, R8=0x14AEA13, R9=0x52AC8BBE, R10=0x296AB401, R11=0x5BEA0735, R12=0x20004758, R13 (SP)=0x20004488, R14=0x2000432F, R15 (PC)=0xA88, XPSR=0x61000000, MSP=0x20004488, PSP=0xE6630D0C, MSPLIM=0x00, PSPLIM=0x00, CFBP=0x00
T5D5C 069:871.208 - 0.029ms returns 0x00
T5D5C 069:871.344 JLINK_ReadReg(XPSR)
T5D5C 069:871.344 - 0.007ms returns 0x61000000
T5D5C 069:871.680 JLINK_ReadMem(0x00000A80, 0x40 Bytes, ...)
T5D5C 069:871.696    -- Read from flash cache (64 bytes @ 0x00000A80)
T5D5C 069:871.696   Data:  70 BD C0 46 00 BE 70 47 10 B5 00 F0 03 F8 FF F7 ...
T5D5C 069:871.712 - 0.033ms returns 0
T5D5C 069:896.560 JLINK_ReadMem(0x00000A80, 0x40 Bytes, ...)
T5D5C 069:896.616    -- Read from flash cache (64 bytes @ 0x00000A80)
T5D5C 069:896.632   Data:  70 BD C0 46 00 BE 70 47 10 B5 00 F0 03 F8 FF F7 ...
T5D5C 069:896.656 - 0.089ms returns 0
T5D5C 069:927.312 JLINK_ReadReg(XPSR)
T5D5C 069:927.344 - 0.030ms returns 0x61000000
T5D5C 069:927.928 JLINK_ReadReg(XPSR)
T5D5C 069:927.968 - 0.040ms returns 0x61000000
T5D5C 070:450.224 JLINK_STRACE_Read(..., NumItems = 0x10000)
T5D5C 070:450.256 - 0.032ms NumItemsRead = 0x00
T5D5C 070:450.264 JLINK_IsHalted()
T5D5C 070:450.560 - 0.298ms returns TRUE
T5D5C 070:450.600 JLINK_STRACE_Read(..., NumItems = 0x10000)
T5D5C 070:450.608 - 0.013ms NumItemsRead = 0x00
T5D5C 070:450.624 JLINK_GoEx(MaxEmulInsts = 0, Flags = 0x01)
T5D5C 070:450.648   CPU_WriteMem(4 bytes @ 0xE0002000)
T5D5C 070:451.056   CPU_WriteMem(4 bytes @ 0xE0002000)
T5D5C 070:451.376   CPU_ReadMem(4 bytes @ 0xE0001000)
T5D5C 070:451.624   CPU_WriteMem(4 bytes @ 0xE0001000)
T5D5C 070:451.920   CPU_WriteMem(4 bytes @ 0xE0002008)
T5D5C 070:451.952   CPU_WriteMem(4 bytes @ 0xE000200C)
T5D5C 070:451.968   CPU_WriteMem(4 bytes @ 0xE0002010)
T5D5C 070:451.984   CPU_WriteMem(4 bytes @ 0xE0002014)
T5D5C 070:452.712   CPU_WriteMem(4 bytes @ 0xE0001004)
T5D5C 070:453.272   Memory map 'after startup completion point' is active
T5D5C 070:453.288 - 2.661ms
T5D5C 070:558.000 JLINK_IsHalted()
T5D5C 070:560.496 - 2.498ms returns TRUE
T5D5C 070:560.528 JLINK_ReadReg(XPSR)
T5D5C 070:560.536   CPU_ReadMem(4 bytes @ 0xE000EE08)
T5D5C 070:560.784 - 0.251ms returns 0x41000000
T5D5C 070:560.784 JLINK_ReadReg(R15 (PC))
T5D5C 070:560.792 - 0.006ms returns 0x000004FE
T5D5C 070:560.800 JLINK_ReadReg(XPSR)
T5D5C 070:560.808 - 0.005ms returns 0x41000000
T5D5C 070:560.816 JLINK_ReadReg(XPSR)
T5D5C 070:560.816 - 0.005ms returns 0x41000000
T5D5C 070:560.824 JLINK_ReadReg(R15 (PC))
T5D5C 070:560.832 - 0.005ms returns 0x000004FE
T5D5C 070:560.840 JLINK_ReadReg(XPSR)
T5D5C 070:560.848 - 0.006ms returns 0x41000000
T5D5C 070:560.848 JLINK_ReadReg(XPSR)
T5D5C 070:560.856 - 0.005ms returns 0x41000000
T5D5C 070:560.864 JLINK_ReadMem(0x000004FE, 0x1 Bytes, ...)
T5D5C 070:560.872    -- Read from flash cache (1 bytes @ 0x000004FE)
T5D5C 070:560.880   Data:  40
T5D5C 070:560.888 - 0.024ms returns 0
T5D5C 070:560.896 JLINK_IsHalted()
T5D5C 070:560.904 - 0.005ms returns TRUE
T5D5C 070:560.912 JLINK_ReadReg(XPSR)
T5D5C 070:560.912 - 0.005ms returns 0x41000000
T5D5C 070:560.912 JLINK_ReadReg(XPSR)
T5D5C 070:560.920 - 0.005ms returns 0x41000000
T5D5C 070:560.928 JLINK_ReadReg(R15 (PC))
T5D5C 070:560.936 - 0.006ms returns 0x000004FE
T5D5C 070:560.976 JLINK_ReadReg(XPSR)
T5D5C 070:561.000 - 0.026ms returns 0x41000000
T5D5C 070:561.008 JLINK_ReadReg(XPSR)
T5D5C 070:561.016 - 0.005ms returns 0x41000000
T5D5C 070:561.024 JLINK_ReadMem(0x000004FE, 0x1 Bytes, ...)
T5D5C 070:561.032    -- Read from flash cache (1 bytes @ 0x000004FE)
T5D5C 070:561.040   Data:  40
T5D5C 070:561.040 - 0.022ms returns 0
T5D5C 070:561.424 JLINK_ReadRegs(NumRegs = 22, Indexes: 0, 1, 2, 3, 4, 5, 6, 7, 8, 9, 10, 11, 12, 13, 14, 15, 16, 17, 18, 86, 87, 20)
T5D5C 070:561.440    -- R0=0x00, R1=0x40040120, R2=0x2000, R3=0x40002000, R4=0x200047D4, R5=0x200047F4, R6=0x200047F4, R7=0x3057FA58, R8=0x14AEA13, R9=0x52AC8BBE, R10=0x296AB401, R11=0x5BEA0735, R12=0x40040000, R13 (SP)=0x20004470, R14=0x4FF, R15 (PC)=0x4FE, XPSR=0x41000000, MSP=0x20004470, PSP=0xE6630D0C, MSPLIM=0x00, PSPLIM=0x00, CFBP=0x00
T5D5C 070:561.448 - 0.030ms returns 0x00
T5D5C 070:561.728 JLINK_ReadReg(XPSR)
T5D5C 070:561.744 - 0.011ms returns 0x41000000
T5D5C 070:562.200 JLINK_ReadMem(0x000004C0, 0x40 Bytes, ...)
T5D5C 070:562.224    -- Read from flash cache (64 bytes @ 0x000004C0)
T5D5C 070:562.224   Data:  C0 F2 00 03 10 B5 4B B1 44 F2 24 01 40 F6 24 50 ...
T5D5C 070:562.240 - 0.033ms returns 0
T5D5C 070:562.352 JLINK_ReadMem(0x00000500, 0x40 Bytes, ...)
T5D5C 070:562.384    -- Read from flash cache (64 bytes @ 0x00000500)
T5D5C 070:562.400   Data:  E8 31 40 F2 F4 10 00 F0 03 FA 44 F2 3C 00 46 F2 ...
T5D5C 070:562.416 - 0.060ms returns 0
T5D5C 070:588.160 JLINK_ReadMem(0x000004C0, 0x40 Bytes, ...)
T5D5C 070:588.192    -- Read from flash cache (64 bytes @ 0x000004C0)
T5D5C 070:588.208   Data:  C0 F2 00 03 10 B5 4B B1 44 F2 24 01 40 F6 24 50 ...
T5D5C 070:588.208 - 0.051ms returns 0
T5D5C 070:588.320 JLINK_ReadMem(0x00000500, 0x40 Bytes, ...)
T5D5C 070:588.336    -- Read from flash cache (64 bytes @ 0x00000500)
T5D5C 070:588.336   Data:  E8 31 40 F2 F4 10 00 F0 03 FA 44 F2 3C 00 46 F2 ...
T5D5C 070:588.352 - 0.027ms returns 0
T5D5C 070:588.448 JLINK_ReadMem(0x20004440, 0x40 Bytes, ...)
T5D5C 070:588.464   CPU_ReadMem(64 bytes @ 0x20004440)
T5D5C 070:589.008    -- Updating C cache (64 bytes @ 0x20004440)
T5D5C 070:589.024    -- Read from C cache (64 bytes @ 0x20004440)
T5D5C 070:589.040   Data:  04 40 00 20 01 00 00 00 00 00 00 00 7B 06 00 00 ...
T5D5C 070:589.040 - 0.595ms returns 0
T5D5C 070:589.232 JLINK_ReadMem(0x00000540, 0x40 Bytes, ...)
T5D5C 070:589.272    -- Read from flash cache (64 bytes @ 0x00000540)
T5D5C 070:589.280   Data:  99 54 10 BD 02 28 FC D1 40 F6 C0 41 44 F2 3C 00 ...
T5D5C 070:589.288 - 0.061ms returns 0
T5D5C 070:604.528 JLINK_ReadReg(XPSR)
T5D5C 070:604.576 - 0.047ms returns 0x41000000
T5D5C 070:605.312 JLINK_ReadReg(XPSR)
T5D5C 070:605.360 - 0.046ms returns 0x41000000
T611C 070:873.232 JLINK_IsHalted()
T611C 070:873.256 - 0.030ms returns TRUE
T611C 070:873.264 JLINK_ReadReg(XPSR)
T611C 070:873.280 - 0.012ms returns 0x41000000
T611C 070:873.288 JLINK_ReadReg(R15 (PC))
T611C 070:873.296 - 0.006ms returns 0x000004FE
T611C 070:873.296 JLINK_ReadReg(XPSR)
T611C 070:873.304 - 0.006ms returns 0x41000000
T611C 070:873.312 JLINK_ReadReg(XPSR)
T611C 070:873.312 - 0.005ms returns 0x41000000
T611C 070:873.320 JLINK_ReadReg(R15 (PC))
T611C 070:873.328 - 0.005ms returns 0x000004FE
T611C 070:873.328 JLINK_ReadReg(XPSR)
T611C 070:873.336 - 0.005ms returns 0x41000000
T611C 070:873.344 JLINK_ReadReg(XPSR)
T611C 070:873.352 - 0.005ms returns 0x41000000
T611C 070:873.360 JLINK_ReadMem(0x000004FE, 0x1 Bytes, ...)
T611C 070:873.360    -- Read from flash cache (1 bytes @ 0x000004FE)
T611C 070:873.376   Data:  40
T611C 070:873.384 - 0.024ms returns 0
T611C 070:873.392 JLINK_IsHalted()
T611C 070:873.392 - 0.005ms returns TRUE
T611C 070:873.400 JLINK_ReadReg(XPSR)
T611C 070:873.408 - 0.005ms returns 0x41000000
T611C 070:873.416 JLINK_ReadReg(XPSR)
T611C 070:873.416 - 0.005ms returns 0x41000000
T611C 070:873.424 JLINK_ReadReg(R15 (PC))
T611C 070:873.424 - 0.005ms returns 0x000004FE
T611C 070:873.432 JLINK_ReadReg(XPSR)
T611C 070:873.440 - 0.005ms returns 0x41000000
T611C 070:873.448 JLINK_ReadReg(XPSR)
T611C 070:873.456 - 0.006ms returns 0x41000000
T611C 070:873.456 JLINK_ReadMem(0x000004FE, 0x1 Bytes, ...)
T611C 070:873.464    -- Read from flash cache (1 bytes @ 0x000004FE)
T611C 070:873.472   Data:  40
T611C 070:873.480 - 0.021ms returns 0
T611C 071:874.176 JLINK_IsHalted()
T611C 071:874.504 - 0.321ms returns TRUE
T611C 071:874.528 JLINK_ReadReg(XPSR)
T611C 071:874.560 - 0.026ms returns 0x41000000
T611C 071:874.592 JLINK_ReadReg(R15 (PC))
T611C 071:874.616 - 0.023ms returns 0x000004FE
T611C 071:874.656 JLINK_ReadReg(XPSR)
T611C 071:874.672 - 0.016ms returns 0x41000000
T611C 071:874.680 JLINK_ReadReg(XPSR)
T611C 071:874.688 - 0.005ms returns 0x41000000
T611C 071:874.696 JLINK_ReadReg(R15 (PC))
T611C 071:874.704 - 0.006ms returns 0x000004FE
T611C 071:874.704 JLINK_ReadReg(XPSR)
T611C 071:874.712 - 0.005ms returns 0x41000000
T611C 071:874.720 JLINK_ReadReg(XPSR)
T611C 071:874.720 - 0.005ms returns 0x41000000
T611C 071:874.728 JLINK_ReadMem(0x000004FE, 0x1 Bytes, ...)
T611C 071:874.736    -- Read from flash cache (1 bytes @ 0x000004FE)
T611C 071:874.744   Data:  40
T611C 071:874.760 - 0.026ms returns 0
T611C 071:874.768 JLINK_IsHalted()
T611C 071:874.768 - 0.005ms returns TRUE
T611C 071:874.776 JLINK_ReadReg(XPSR)
T611C 071:874.776 - 0.005ms returns 0x41000000
T611C 071:874.784 JLINK_ReadReg(XPSR)
T611C 071:874.792 - 0.005ms returns 0x41000000
T611C 071:874.800 JLINK_ReadReg(R15 (PC))
T611C 071:874.800 - 0.005ms returns 0x000004FE
T611C 071:874.808 JLINK_ReadReg(XPSR)
T611C 071:874.816 - 0.005ms returns 0x41000000
T611C 071:874.824 JLINK_ReadReg(XPSR)
T611C 071:874.832 - 0.005ms returns 0x41000000
T611C 071:874.832 JLINK_ReadMem(0x000004FE, 0x1 Bytes, ...)
T611C 071:874.840    -- Read from flash cache (1 bytes @ 0x000004FE)
T611C 071:874.888   Data:  40
T611C 071:874.904 - 0.069ms returns 0
T5D5C 083:064.560 JLINK_ReadReg(XPSR)
T5D5C 083:064.936 - 0.373ms returns 0x41000000
T5D5C 083:065.512 JLINK_ReadReg(XPSR)
T5D5C 083:065.528 - 0.021ms returns 0x41000000
T5D5C 083:066.048 JLINK_ClrBPEx(BPHandle = 0x00000012)
T5D5C 083:066.080 - 0.028ms returns 0x00
T5D5C 083:066.096 JLINK_ClrBPEx(BPHandle = 0x00000013)
T5D5C 083:066.104 - 0.011ms returns 0x00
T5D5C 083:066.120 JLINK_SetBPEx(Addr = 0x00000522, Type = 0xFFFFFF00)
T5D5C 083:066.128 - 0.014ms returns 0x00000014
T5D5C 083:066.456 JLINK_STRACE_Read(..., NumItems = 0x10000)
T5D5C 083:066.488 - 0.032ms NumItemsRead = 0x00
T5D5C 083:066.520 JLINK_Step()
T5D5C 083:066.544    -- Read from flash cache (2 bytes @ 0x000004FE)
T5D5C 083:066.560   CPU_ReadMem(4 bytes @ 0xE0001004)
T5D5C 083:066.840    -- Read from flash cache (2 bytes @ 0x00000500)
T5D5C 083:066.896   -- Simulated
T5D5C 083:066.928 - 0.401ms returns 0
T5D5C 083:066.944 JLINK_ReadReg(XPSR)
T5D5C 083:066.952 - 0.009ms returns 0x41000000
T5D5C 083:067.392 JLINK_ClrBPEx(BPHandle = 0x00000014)
T5D5C 083:067.408 - 0.014ms returns 0x00
T5D5C 083:067.416 JLINK_SetBPEx(Addr = 0x00000522, Type = 0xFFFFFF00)
T5D5C 083:067.424 - 0.006ms returns 0x00000015
T5D5C 083:067.432 JLINK_SetBPEx(Addr = 0x000004FE, Type = 0xFFFFFF00)
T5D5C 083:067.440 - 0.005ms returns 0x00000016
T5D5C 083:067.704 JLINK_ReadReg(XPSR)
T5D5C 083:067.728 - 0.027ms returns 0x41000000
T5D5C 083:068.120 JLINK_ReadRegs(NumRegs = 22, Indexes: 0, 1, 2, 3, 4, 5, 6, 7, 8, 9, 10, 11, 12, 13, 14, 15, 16, 17, 18, 86, 87, 20)
T5D5C 083:068.144    -- R0=0x00, R1=0x3E8, R2=0x2000, R3=0x40002000, R4=0x200047D4, R5=0x200047F4, R6=0x200047F4, R7=0x3057FA58, R8=0x14AEA13, R9=0x52AC8BBE, R10=0x296AB401, R11=0x5BEA0735, R12=0x40040000, R13 (SP)=0x20004470, R14=0x4FF, R15 (PC)=0x502, XPSR=0x41000000, MSP=0x20004470, PSP=0xE6630D0C, MSPLIM=0x00, PSPLIM=0x00, CFBP=0x00
T5D5C 083:068.160 - 0.035ms returns 0x00
T5D5C 083:068.544 JLINK_STRACE_Read(..., NumItems = 0x10000)
T5D5C 083:068.560 - 0.015ms NumItemsRead = 0x00
T5D5C 083:068.568 JLINK_IsHalted()
T5D5C 083:068.576 - 0.006ms returns TRUE
T5D5C 083:068.584 JLINK_STRACE_Read(..., NumItems = 0x10000)
T5D5C 083:068.584 - 0.005ms NumItemsRead = 0x00
T5D5C 083:068.592 JLINK_GoEx(MaxEmulInsts = 0, Flags = 0x01)
T5D5C 083:068.600   CPU_WriteMem(4 bytes @ 0xE0002000)
T5D5C 083:068.920   CPU_WriteMem(4 bytes @ 0xE0002000)
T5D5C 083:069.240   CPU_ReadMem(4 bytes @ 0xE0001000)
T5D5C 083:069.504   CPU_WriteMem(4 bytes @ 0xE0002008)
T5D5C 083:069.528   CPU_WriteMem(4 bytes @ 0xE000200C)
T5D5C 083:069.936   CPU_WriteMem(4 bytes @ 0xE0001004)
T5D5C 083:070.784 - 2.189ms
T5D5C 083:167.264 JLINK_IsHalted()
T5D5C 083:167.512 - 0.244ms returns FALSE
T5D5C 083:167.520 JLINK_IsHalted()
T5D5C 083:167.728 - 0.214ms returns FALSE
T5D5C 083:276.520 JLINK_IsHalted()
T5D5C 083:276.800 - 0.285ms returns FALSE
T5D5C 083:276.816 JLINK_IsHalted()
T5D5C 083:277.048 - 0.230ms returns FALSE
T5D5C 083:385.776 JLINK_IsHalted()
T5D5C 083:386.056 - 0.273ms returns FALSE
T5D5C 083:386.072 JLINK_IsHalted()
T5D5C 083:386.312 - 0.230ms returns FALSE
T5D5C 083:495.344 JLINK_IsHalted()
T5D5C 083:495.656 - 0.316ms returns FALSE
T5D5C 083:495.680 JLINK_IsHalted()
T5D5C 083:495.920 - 0.244ms returns FALSE
T5D5C 083:604.104 JLINK_IsHalted()
T5D5C 083:606.224 - 2.127ms returns TRUE
T5D5C 083:606.248 JLINK_ReadReg(XPSR)
T5D5C 083:606.256   CPU_ReadMem(4 bytes @ 0xE000EE08)
T5D5C 083:606.464 - 0.217ms returns 0x41000000
T5D5C 083:606.472 JLINK_ReadReg(R15 (PC))
T5D5C 083:606.480 - 0.006ms returns 0x00000522
T5D5C 083:606.480 JLINK_ReadReg(XPSR)
T5D5C 083:606.488 - 0.005ms returns 0x41000000
T5D5C 083:606.496 JLINK_ReadReg(XPSR)
T5D5C 083:606.504 - 0.005ms returns 0x41000000
T5D5C 083:606.512 JLINK_ReadReg(R15 (PC))
T5D5C 083:606.512 - 0.005ms returns 0x00000522
T5D5C 083:606.520 JLINK_ReadReg(XPSR)
T5D5C 083:606.528 - 0.005ms returns 0x41000000
T5D5C 083:606.536 JLINK_ReadReg(XPSR)
T5D5C 083:606.544 - 0.005ms returns 0x41000000
T5D5C 083:606.544 JLINK_ReadMem(0x00000522, 0x1 Bytes, ...)
T5D5C 083:606.552    -- Read from flash cache (1 bytes @ 0x00000522)
T5D5C 083:606.560   Data:  40
T5D5C 083:606.576 - 0.024ms returns 0
T5D5C 083:606.576 JLINK_IsHalted()
T5D5C 083:606.576 - 0.005ms returns TRUE
T5D5C 083:606.584 JLINK_ReadReg(XPSR)
T5D5C 083:606.592 - 0.005ms returns 0x41000000
T5D5C 083:606.600 JLINK_ReadReg(XPSR)
T5D5C 083:606.608 - 0.005ms returns 0x41000000
T5D5C 083:606.608 JLINK_ReadReg(R15 (PC))
T5D5C 083:606.648 - 0.037ms returns 0x00000522
T5D5C 083:606.696 JLINK_ReadReg(XPSR)
T5D5C 083:606.704 - 0.007ms returns 0x41000000
T5D5C 083:606.704 JLINK_ReadReg(XPSR)
T5D5C 083:606.712 - 0.005ms returns 0x41000000
T5D5C 083:606.720 JLINK_ReadMem(0x00000522, 0x1 Bytes, ...)
T5D5C 083:606.720    -- Read from flash cache (1 bytes @ 0x00000522)
T5D5C 083:606.736   Data:  40
T5D5C 083:606.736 - 0.021ms returns 0
T5D5C 083:607.216 JLINK_ReadRegs(NumRegs = 22, Indexes: 0, 1, 2, 3, 4, 5, 6, 7, 8, 9, 10, 11, 12, 13, 14, 15, 16, 17, 18, 86, 87, 20)
T5D5C 083:607.240    -- R0=0x00, R1=0x40040120, R2=0x4000, R3=0x20004000, R4=0x200047D4, R5=0x200047F4, R6=0x200047F4, R7=0x3057FA58, R8=0x14AEA13, R9=0x52AC8BBE, R10=0x296AB401, R11=0x5BEA0735, R12=0x40040000, R13 (SP)=0x20004470, R14=0x523, R15 (PC)=0x522, XPSR=0x41000000, MSP=0x20004470, PSP=0xE6630D0C, MSPLIM=0x00, PSPLIM=0x00, CFBP=0x00
T5D5C 083:607.248 - 0.038ms returns 0x00
T5D5C 083:607.576 JLINK_ReadReg(XPSR)
T5D5C 083:607.672 - 0.095ms returns 0x41000000
T5D5C 083:608.384 JLINK_ReadMem(0x00000500, 0x40 Bytes, ...)
T5D5C 083:608.408    -- Read from flash cache (64 bytes @ 0x00000500)
T5D5C 083:608.432   Data:  E8 31 40 F2 F4 10 00 F0 03 FA 44 F2 3C 00 46 F2 ...
T5D5C 083:608.448 - 0.065ms returns 0
T5D5C 083:635.760 JLINK_ReadMem(0x00000500, 0x40 Bytes, ...)
T5D5C 083:635.808    -- Read from flash cache (64 bytes @ 0x00000500)
T5D5C 083:635.824   Data:  E8 31 40 F2 F4 10 00 F0 03 FA 44 F2 3C 00 46 F2 ...
T5D5C 083:635.848 - 0.085ms returns 0
T5D5C 083:636.128 JLINK_ReadMem(0x20004440, 0x40 Bytes, ...)
T5D5C 083:636.160   CPU_ReadMem(64 bytes @ 0x20004440)
T5D5C 083:636.704    -- Updating C cache (64 bytes @ 0x20004440)
T5D5C 083:636.712    -- Read from C cache (64 bytes @ 0x20004440)
T5D5C 083:636.720   Data:  04 40 00 20 13 EA 4A 01 BE 8B AC 52 53 00 00 00 ...
T5D5C 083:636.728 - 0.599ms returns 0
T5D5C 083:636.952 JLINK_ReadMem(0x00000540, 0x40 Bytes, ...)
T5D5C 083:636.968    -- Read from flash cache (64 bytes @ 0x00000540)
T5D5C 083:636.976   Data:  99 54 10 BD 02 28 FC D1 40 F6 C0 41 44 F2 3C 00 ...
T5D5C 083:636.984 - 0.029ms returns 0
T5D5C 083:650.520 JLINK_ReadReg(XPSR)
T5D5C 083:650.568 - 0.047ms returns 0x41000000
T5D5C 083:651.152 JLINK_ReadReg(XPSR)
T5D5C 083:651.176 - 0.020ms returns 0x41000000
T611C 084:610.104 JLINK_IsHalted()
T611C 084:610.416 - 0.301ms returns TRUE
T611C 084:610.432 JLINK_ReadReg(XPSR)
T611C 084:610.448 - 0.012ms returns 0x41000000
T611C 084:610.448 JLINK_ReadReg(R15 (PC))
T611C 084:610.456 - 0.006ms returns 0x00000522
T611C 084:610.464 JLINK_ReadReg(XPSR)
T611C 084:610.472 - 0.005ms returns 0x41000000
T611C 084:610.480 JLINK_ReadReg(XPSR)
T611C 084:610.480 - 0.005ms returns 0x41000000
T611C 084:610.488 JLINK_ReadReg(R15 (PC))
T611C 084:610.496 - 0.005ms returns 0x00000522
T611C 084:610.504 JLINK_ReadReg(XPSR)
T611C 084:610.512 - 0.006ms returns 0x41000000
T611C 084:610.512 JLINK_ReadReg(XPSR)
T611C 084:610.512 - 0.005ms returns 0x41000000
T611C 084:610.528 JLINK_ReadMem(0x00000522, 0x1 Bytes, ...)
T611C 084:610.536    -- Read from flash cache (1 bytes @ 0x00000522)
T611C 084:610.544   Data:  40
T611C 084:610.544 - 0.024ms returns 0
T611C 084:610.552 JLINK_IsHalted()
T611C 084:610.560 - 0.005ms returns TRUE
T611C 084:610.568 JLINK_ReadReg(XPSR)
T611C 084:610.672 - 0.005ms returns 0x41000000
T611C 084:610.672 JLINK_ReadReg(XPSR)
T611C 084:610.680 - 0.006ms returns 0x41000000
T611C 084:610.688 JLINK_ReadReg(R15 (PC))
T611C 084:610.696 - 0.005ms returns 0x00000522
T611C 084:610.704 JLINK_ReadReg(XPSR)
T611C 084:610.704 - 0.005ms returns 0x41000000
T611C 084:610.712 JLINK_ReadReg(XPSR)
T611C 084:610.720 - 0.005ms returns 0x41000000
T611C 084:610.728 JLINK_ReadMem(0x00000522, 0x1 Bytes, ...)
T611C 084:610.736    -- Read from flash cache (1 bytes @ 0x00000522)
T611C 084:610.736   Data:  40
T611C 084:610.744 - 0.022ms returns 0
T5D5C 091:436.272 JLINK_ClrBPEx(BPHandle = 0x00000015)
T5D5C 091:436.592 - 0.317ms returns 0x00
T5D5C 091:436.600 JLINK_ClrBPEx(BPHandle = 0x00000016)
T5D5C 091:436.608 - 0.006ms returns 0x00
T5D5C 091:436.656 JLINK_SetBPEx(Addr = 0x00000522, Type = 0xFFFFFF00)
T5D5C 091:436.664 - 0.009ms returns 0x00000017
T5D5C 091:436.832 JLINK_ClrBPEx(BPHandle = 0x00000017)
T5D5C 091:436.848 - 0.014ms returns 0x00
T5B44 091:444.912 JLINK_ClrBPEx(BPHandle = 0xFFFFFFFF)
T5B44 091:444.976 - 0.063ms returns 0x00
T5B44 091:444.976 JLINK_IsHalted()
T5B44 091:444.984 - 0.006ms returns TRUE
T5B44 091:444.992 JLINK_STRACE_Read(..., NumItems = 0x10000)
T5B44 091:445.008 - 0.008ms NumItemsRead = 0x00
T5B44 091:445.008 JLINK_GoEx(MaxEmulInsts = 0, Flags = 0x01)
T5B44 091:445.032   CPU_ReadMem(4 bytes @ 0xE0001000)
T5B44 091:445.328   CPU_WriteMem(4 bytes @ 0xE0002008)
T5B44 091:445.344   CPU_WriteMem(4 bytes @ 0xE000200C)
T5B44 091:446.160 - 1.151ms
T5B44 091:446.184 JLINK_ReadReg(XPSR)
T5B44 091:446.384   CPU is running
T5B44 091:446.392   
  ***** Error: 
T5B44 091:446.400   Cannot read register 16 (XPSR) while CPU is running
T5B44 091:446.408 - 0.226ms returns 0x00000000
T5B44 091:451.896 JLINK_Close()
T5B44 091:452.144   CPU is running
T5B44 091:452.168   CPU_WriteMem(4 bytes @ 0xE0002008)
T5B44 091:452.408   CPU is running
T5B44 091:452.424   CPU_WriteMem(4 bytes @ 0xE000200C)
T5B44 091:452.664   CPU is running
T5B44 091:452.680   CPU_WriteMem(4 bytes @ 0xE0002010)
T5B44 091:452.912   CPU is running
T5B44 091:452.952   CPU_WriteMem(4 bytes @ 0xE0002014)
T5B44 091:455.216   OnDisconnectTarget() start
T5B44 091:455.232    J-Link Script File: Executing OnDisconnectTarget()
T5B44 091:455.240   Restoring low power mode settings.
T5B44 091:456.136   OnDisconnectTarget() end - Took 902us
T5B44 091:465.992 - 14.092ms
T5B44 091:466.048   
T5B44 091:466.064   Closed
